Physical CPU core: 8, Logic CPU core: 16
[PRD]: Chain initialized with 4 shard(s), in sync-sharding mode
[PRD]: 100 addresses added and evenly distributed in shards
[PRD]: Compiling 1 contract(s), target=PREDA_NATIVE
[PRD]: Linking 1 contract(s), target=PREDA_NATIVE
[PRD]: [16:15:32.879] [#g] [h:0] OrderBook, line 49: "0x0000001300100001:contract"
[PRD]: Compiling 1 contract(s), target=PREDA_NATIVE
[PRD]: Linking 1 contract(s), target=PREDA_NATIVE
[PRD]: [16:15:35.669] [#g] [h:1] MatchEngine, line 12: "0x0000001300200001:contract"
[PRD]: Compiling 1 contract(s), target=PREDA_NATIVE
[PRD]: Linking 1 contract(s), target=PREDA_NATIVE
[PRD]: [16:15:37.829] [#g] [h:2] OrderService, line 7: "0x0000001300300001:contract"
[HIGHLIGHT] init
ASSERTION FAILED: _hThread == NULL
os::Thread::~Thread:L181:C:\preda_cmake\CPCF\core\os\multi_thread.cpp
[PRD]: [16:15:37.989] [#g] [h:4] <= <y0v..xcw> [#3] [h:3] MatchEngine, line 19: add controller: "0x0000001300300001:contract"
[PRD]: [16:15:38.009] [#g] [h:5] <= <y0v..xcw> [#3] [h:4] OrderBook, line 56: add controller: "0x0000001300200001:contract"
[PRD]: [16:15:38.037] [#g] [h:6] <= <y0v..xcw> [#3] [h:5] OrderBook, line 56: add controller: "0x0000001300300001:contract"
[HIGHLIGHT] cancel order test!
[PRD]: [16:15:38.119] <tgg..qk8> [#0] [h:8] <= <y0v..xcw> [#g] [h:8] OrderBook, line 98: order add: {"id" : 1, "owner" : "y0vhd9053cgyqveybf3qpzx2eanbbwfp4dja676n1vxvm4fwgy8r7gnxcw:ed25519", "price" : 8, "amount" : 778, "unMatchedAmount" : 778, "triggerPrice" : 0, "status" : "OPEN", "action" : "BUY", "pair" : "DYDXUSDC"}
[PRD]: [16:15:38.142] <tgg..qk8> [#0] [h:9] <= <y0v..xcw> [#g] [h:9] OrderBook, line 138: order add: {"id" : 2, "owner" : "y0vhd9053cgyqveybf3qpzx2eanbbwfp4dja676n1vxvm4fwgy8r7gnxcw:ed25519", "price" : 5, "amount" : 801, "unMatchedAmount" : 801, "triggerPrice" : 0, "status" : "OPEN", "action" : "BUY", "pair" : "DYDXUSDC"}
[PRD]: [16:15:38.170] <tgg..qk8> [#0] [h:10] <= <y0v..xcw> [#g] [h:10] OrderBook, line 138: order add: {"id" : 3, "owner" : "y0vhd9053cgyqveybf3qpzx2eanbbwfp4dja676n1vxvm4fwgy8r7gnxcw:ed25519", "price" : 5, "amount" : 73, "unMatchedAmount" : 73, "triggerPrice" : 0, "status" : "OPEN", "action" : "BUY", "pair" : "DYDXUSDC"}
[PRD]: [16:15:38.193] <tgg..qk8> [#0] [h:11] <= <y0v..xcw> [#g] [h:11] OrderBook, line 138: order add: {"id" : 4, "owner" : "y0vhd9053cgyqveybf3qpzx2eanbbwfp4dja676n1vxvm4fwgy8r7gnxcw:ed25519", "price" : 10, "amount" : 801, "unMatchedAmount" : 801, "triggerPrice" : 0, "status" : "OPEN", "action" : "BUY", "pair" : "DYDXUSDC"}
[PRD]: [16:15:38.220] <tgg..qk8> [#0] [h:12] <= <y0v..xcw> [#g] [h:12] OrderBook, line 138: order add: {"id" : 5, "owner" : "y0vhd9053cgyqveybf3qpzx2eanbbwfp4dja676n1vxvm4fwgy8r7gnxcw:ed25519", "price" : 7, "amount" : 190, "unMatchedAmount" : 190, "triggerPrice" : 0, "status" : "OPEN", "action" : "BUY", "pair" : "DYDXUSDC"}
[PRD]: [16:15:38.301] <tgg..qk8> [#0] [h:14] <= <y0v..xcw> [#3] [h:13] OrderBook, line 170: order update: {"id" : 2, "owner" : "y0vhd9053cgyqveybf3qpzx2eanbbwfp4dja676n1vxvm4fwgy8r7gnxcw:ed25519", "price" : 5, "amount" : 801, "unMatchedAmount" : 801, "triggerPrice" : 0, "status" : "CANCELED", "action" : "BUY", "pair" : "DYDXUSDC"}
[PRD]: [16:15:38.319] <tgg..qk8> [#0] [h:14] <= <y0v..xcw> [#3] [h:13] OrderBook, line 161: order remove: {"id" : 2, "owner" : "y0vhd9053cgyqveybf3qpzx2eanbbwfp4dja676n1vxvm4fwgy8r7gnxcw:ed25519", "price" : 5, "amount" : 801, "unMatchedAmount" : 801, "triggerPrice" : 0, "status" : "CANCELED", "action" : "BUY", "pair" : "DYDXUSDC"}
[PRD]: [16:15:38.347] <tgg..qk8> [#0] [h:15] <= <vff..z48> [#3] [h:14] MatchEngine: Assertion failure on line 111: only owner can cancel order
[PRD]: Engine invoke error. Error Message: ExceptionThrown (AssertionFailure)
[PRD]: [16:15:38.392] <tgg..qk8> [#0] [h:16] <= <y0v..xcw> [#3] [h:15] MatchEngine, line 122: no such order!
[HIGHLIGHT] order book test!
[PRD]: [16:15:38.548] <36n..cxw> [#2] [h:18] <= <553..f1m> [#g] [h:18] OrderBook, line 98: order add: {"id" : 6, "owner" : "5533fq4d8feyendxmrq1tyse8889q272t3v0vfmp5d7hsaq6pkyn7zyf1m:ed25519", "price" : 8, "amount" : 613, "unMatchedAmount" : 613, "triggerPrice" : 0, "status" : "OPEN", "action" : "BUY", "pair" : "BTCUSDT"}
[PRD]: [16:15:38.606] <d2m..gp8> [#3] [h:19] <= <1sc..0nr> [#g] [h:19] OrderBook, line 98: order add: {"id" : 10, "owner" : "1scrzk7wvdvvgddzgh9zpyg833t49wnz0xken8h0vz4241cpfc2b6dy0nr:ed25519", "price" : 7, "amount" : 716, "unMatchedAmount" : 716, "triggerPrice" : 0, "status" : "OPEN", "action" : "BUY", "pair" : "ETHUSDC"}
[PRD]: [16:15:38.606] <36n..cxw> [#2] [h:19] <= <vbk..bdg> [#g] [h:18] OrderBook, line 98: order add: {"id" : 7, "owner" : "vbk5k7a5xc38vxx2873wxdv684hf3chn3fcpx3xafk2jfgdchnmd64jbdg:ed25519", "price" : 5, "amount" : 989, "unMatchedAmount" : 989, "triggerPrice" : 0, "status" : "OPEN", "action" : "SELL", "pair" : "BTCUSDT"}
[PRD]: [16:15:38.655] <36n..cxw> [#2] [h:19] <= <vbk..bdg> [#g] [h:18] MatchEngine, line 71: matched: price: 8 , quantity: 613 , maker order: {"id" : 6, "owner" : "5533fq4d8feyendxmrq1tyse8889q272t3v0vfmp5d7hsaq6pkyn7zyf1m:ed25519", "price" : 8, "amount" : 613, "unMatchedAmount" : 613, "triggerPrice" : 0, "status" : "OPEN", "action" : "BUY", "pair" : "BTCUSDT"}
[PRD]: [16:15:38.678] <36n..cxw> [#2] [h:19] <= <vbk..bdg> [#g] [h:18] OrderBook, line 170: order update: {"id" : 6, "owner" : "5533fq4d8feyendxmrq1tyse8889q272t3v0vfmp5d7hsaq6pkyn7zyf1m:ed25519", "price" : 8, "amount" : 613, "unMatchedAmount" : 0, "triggerPrice" : 8, "status" : "FIXED", "action" : "BUY", "pair" : "BTCUSDT"}
[PRD]: [16:15:38.706] <36n..cxw> [#2] [h:19] <= <vbk..bdg> [#g] [h:18] OrderBook, line 161: order remove: {"id" : 6, "owner" : "5533fq4d8feyendxmrq1tyse8889q272t3v0vfmp5d7hsaq6pkyn7zyf1m:ed25519", "price" : 8, "amount" : 613, "unMatchedAmount" : 0, "triggerPrice" : 8, "status" : "FIXED", "action" : "BUY", "pair" : "BTCUSDT"}
[PRD]: [16:15:38.726] <36n..cxw> [#2] [h:19] <= <vbk..bdg> [#g] [h:18] OrderBook, line 170: order update: {"id" : 7, "owner" : "vbk5k7a5xc38vxx2873wxdv684hf3chn3fcpx3xafk2jfgdchnmd64jbdg:ed25519", "price" : 5, "amount" : 989, "unMatchedAmount" : 376, "triggerPrice" : 0, "status" : "PARTIALLYFIXED", "action" : "SELL", "pair" : "BTCUSDT"}
[PRD]: [16:15:38.756] <36n..cxw> [#2] [h:20] <= <zg0..7c8> [#g] [h:18] OrderBook, line 98: order add: {"id" : 8, "owner" : "zg0jxxcyqjqr3ts5fqbkwkrawv5c3e46wfg9nn99hs2xb570dgtj7w27c8:ed25519", "price" : 9, "amount" : 963, "unMatchedAmount" : 963, "triggerPrice" : 0, "status" : "OPEN", "action" : "BUY", "pair" : "BTCUSDT"}
[PRD]: [16:15:38.756] <d2m..gp8> [#3] [h:20] <= <4jk..aj8> [#g] [h:19] OrderBook, line 138: order add: {"id" : 11, "owner" : "4jkyqsmb9xg4rp0ba5tnkcc5qkpw8dzjrp4fw756t7gcew0dms7565jaj8:ed25519", "price" : 7, "amount" : 724, "unMatchedAmount" : 724, "triggerPrice" : 0, "status" : "OPEN", "action" : "BUY", "pair" : "ETHUSDC"}
[PRD]: [16:15:38.776] <36n..cxw> [#2] [h:20] <= <zg0..7c8> [#g] [h:18] MatchEngine, line 71: matched: price: 5 , quantity: 376 , maker order: {"id" : 7, "owner" : "vbk5k7a5xc38vxx2873wxdv684hf3chn3fcpx3xafk2jfgdchnmd64jbdg:ed25519", "price" : 5, "amount" : 989, "unMatchedAmount" : 376, "triggerPrice" : 0, "status" : "PARTIALLYFIXED", "action" : "SELL", "pair" : "BTCUSDT"}
[PRD]: [16:15:38.826] <36n..cxw> [#2] [h:20] <= <zg0..7c8> [#g] [h:18] OrderBook, line 170: order update: {"id" : 7, "owner" : "vbk5k7a5xc38vxx2873wxdv684hf3chn3fcpx3xafk2jfgdchnmd64jbdg:ed25519", "price" : 5, "amount" : 989, "unMatchedAmount" : 0, "triggerPrice" : 5, "status" : "FIXED", "action" : "SELL", "pair" : "BTCUSDT"}
[PRD]: [16:15:38.856] <36n..cxw> [#2] [h:20] <= <zg0..7c8> [#g] [h:18] OrderBook, line 161: order remove: {"id" : 7, "owner" : "vbk5k7a5xc38vxx2873wxdv684hf3chn3fcpx3xafk2jfgdchnmd64jbdg:ed25519", "price" : 5, "amount" : 989, "unMatchedAmount" : 0, "triggerPrice" : 5, "status" : "FIXED", "action" : "SELL", "pair" : "BTCUSDT"}
[PRD]: [16:15:38.876] <36n..cxw> [#2] [h:20] <= <zg0..7c8> [#g] [h:18] OrderBook, line 170: order update: {"id" : 8, "owner" : "zg0jxxcyqjqr3ts5fqbkwkrawv5c3e46wfg9nn99hs2xb570dgtj7w27c8:ed25519", "price" : 9, "amount" : 963, "unMatchedAmount" : 587, "triggerPrice" : 0, "status" : "PARTIALLYFIXED", "action" : "BUY", "pair" : "BTCUSDT"}
[PRD]: [16:15:38.906] <d2m..gp8> [#3] [h:21] <= <apy..ty0> [#g] [h:20] OrderBook, line 138: order add: {"id" : 14, "owner" : "apyyfwn1h5v2ym1wj4fwvqpd9ygbw6ra667g215bb40jdh7epx9f7azty0:ed25519", "price" : 5, "amount" : 856, "unMatchedAmount" : 856, "triggerPrice" : 0, "status" : "OPEN", "action" : "BUY", "pair" : "ETHUSDC"}
[PRD]: [16:15:38.906] <36n..cxw> [#2] [h:21] <= <c3z..2hg> [#g] [h:18] OrderBook, line 138: order add: {"id" : 9, "owner" : "c3z6v6dmx8wm27epgsb8c5satpqkgewj4tbq12khnz94vmz2wv4t7hb2hg:ed25519", "price" : 8, "amount" : 718, "unMatchedAmount" : 718, "triggerPrice" : 0, "status" : "OPEN", "action" : "BUY", "pair" : "BTCUSDT"}
[PRD]: [16:15:38.973] <d2m..gp8> [#3] [h:22] <= <rk8..2tr> [#g] [h:21] OrderBook, line 98: order add: {"id" : 16, "owner" : "rk8h34fv99stp3aax9gthhhf5fb1gbyhe1yysvpjv5amr4x0ec6c6sc2tr:ed25519", "price" : 5, "amount" : 569, "unMatchedAmount" : 569, "triggerPrice" : 0, "status" : "OPEN", "action" : "SELL", "pair" : "ETHUSDC"}
[PRD]: [16:15:38.974] <36n..cxw> [#2] [h:22] <= <ybj..cfw> [#g] [h:19] OrderBook, line 138: order add: {"id" : 12, "owner" : "ybj88ajctd3zv88e7tx5kmh8tqa1bq490r2fzd6zxd3zbjngygcw69ncfw:ed25519", "price" : 7, "amount" : 712, "unMatchedAmount" : 712, "triggerPrice" : 0, "status" : "OPEN", "action" : "BUY", "pair" : "BTCUSDT"}
[PRD]: [16:15:39.067] <d2m..gp8> [#3] [h:22] <= <rk8..2tr> [#g] [h:21] MatchEngine, line 71: matched: price: 7 , quantity: 569 , maker order: {"id" : 10, "owner" : "1scrzk7wvdvvgddzgh9zpyg833t49wnz0xken8h0vz4241cpfc2b6dy0nr:ed25519", "price" : 7, "amount" : 716, "unMatchedAmount" : 716, "triggerPrice" : 0, "status" : "OPEN", "action" : "BUY", "pair" : "ETHUSDC"}
[PRD]: [16:15:39.145] <d2m..gp8> [#3] [h:22] <= <rk8..2tr> [#g] [h:21] OrderBook, line 170: order update: {"id" : 10, "owner" : "1scrzk7wvdvvgddzgh9zpyg833t49wnz0xken8h0vz4241cpfc2b6dy0nr:ed25519", "price" : 7, "amount" : 716, "unMatchedAmount" : 147, "triggerPrice" : 7, "status" : "PARTIALLYFIXED", "action" : "BUY", "pair" : "ETHUSDC"}
[PRD]: [16:15:39.172] <d2m..gp8> [#3] [h:22] <= <rk8..2tr> [#g] [h:21] OrderBook, line 170: order update: {"id" : 16, "owner" : "rk8h34fv99stp3aax9gthhhf5fb1gbyhe1yysvpjv5amr4x0ec6c6sc2tr:ed25519", "price" : 5, "amount" : 569, "unMatchedAmount" : 0, "triggerPrice" : 7, "status" : "FIXED", "action" : "SELL", "pair" : "ETHUSDC"}
[PRD]: [16:15:39.192] <d2m..gp8> [#3] [h:22] <= <rk8..2tr> [#g] [h:21] OrderBook, line 161: order remove: {"id" : 16, "owner" : "rk8h34fv99stp3aax9gthhhf5fb1gbyhe1yysvpjv5amr4x0ec6c6sc2tr:ed25519", "price" : 5, "amount" : 569, "unMatchedAmount" : 0, "triggerPrice" : 7, "status" : "FIXED", "action" : "SELL", "pair" : "ETHUSDC"}
[PRD]: [16:15:39.223] <d2m..gp8> [#3] [h:23] <= <mf9..n18> [#g] [h:22] OrderBook, line 98: order add: {"id" : 18, "owner" : "mf9ey7wwkkrtk6pjeybj65x76k40cvwjvfa8pgtcd11emdmtbre87axn18:ed25519", "price" : 1, "amount" : 84, "unMatchedAmount" : 84, "triggerPrice" : 0, "status" : "OPEN", "action" : "SELL", "pair" : "ETHUSDC"}
[PRD]: [16:15:39.223] <36n..cxw> [#2] [h:23] <= <6g4..gsc> [#g] [h:20] OrderBook, line 98: order add: {"id" : 13, "owner" : "6g4emr7vyfh9hc72eh4g4eqyazhymh6hvt44syz3q4bkz1texg8s7hwgsc:ed25519", "price" : 5, "amount" : 236, "unMatchedAmount" : 236, "triggerPrice" : 0, "status" : "OPEN", "action" : "SELL", "pair" : "BTCUSDT"}
[PRD]: [16:15:39.244] <d2m..gp8> [#3] [h:23] <= <mf9..n18> [#g] [h:22] MatchEngine, line 71: matched: price: 7 , quantity: 84 , maker order: {"id" : 10, "owner" : "1scrzk7wvdvvgddzgh9zpyg833t49wnz0xken8h0vz4241cpfc2b6dy0nr:ed25519", "price" : 7, "amount" : 716, "unMatchedAmount" : 147, "triggerPrice" : 7, "status" : "PARTIALLYFIXED", "action" : "BUY", "pair" : "ETHUSDC"}
[PRD]: [16:15:39.273] <36n..cxw> [#2] [h:23] <= <6g4..gsc> [#g] [h:20] MatchEngine, line 71: matched: price: 9 , quantity: 236 , maker order: {"id" : 8, "owner" : "zg0jxxcyqjqr3ts5fqbkwkrawv5c3e46wfg9nn99hs2xb570dgtj7w27c8:ed25519", "price" : 9, "amount" : 963, "unMatchedAmount" : 587, "triggerPrice" : 0, "status" : "PARTIALLYFIXED", "action" : "BUY", "pair" : "BTCUSDT"}
[PRD]: [16:15:39.292] <d2m..gp8> [#3] [h:23] <= <mf9..n18> [#g] [h:22] OrderBook, line 170: order update: {"id" : 10, "owner" : "1scrzk7wvdvvgddzgh9zpyg833t49wnz0xken8h0vz4241cpfc2b6dy0nr:ed25519", "price" : 7, "amount" : 716, "unMatchedAmount" : 63, "triggerPrice" : 7, "status" : "PARTIALLYFIXED", "action" : "BUY", "pair" : "ETHUSDC"}
[PRD]: [16:15:39.323] <36n..cxw> [#2] [h:23] <= <6g4..gsc> [#g] [h:20] OrderBook, line 170: order update: {"id" : 8, "owner" : "zg0jxxcyqjqr3ts5fqbkwkrawv5c3e46wfg9nn99hs2xb570dgtj7w27c8:ed25519", "price" : 9, "amount" : 963, "unMatchedAmount" : 351, "triggerPrice" : 9, "status" : "PARTIALLYFIXED", "action" : "BUY", "pair" : "BTCUSDT"}
[PRD]: [16:15:39.343] <d2m..gp8> [#3] [h:23] <= <mf9..n18> [#g] [h:22] OrderBook, line 170: order update: {"id" : 18, "owner" : "mf9ey7wwkkrtk6pjeybj65x76k40cvwjvfa8pgtcd11emdmtbre87axn18:ed25519", "price" : 1, "amount" : 84, "unMatchedAmount" : 0, "triggerPrice" : 7, "status" : "FIXED", "action" : "SELL", "pair" : "ETHUSDC"}
[PRD]: [16:15:39.373] <36n..cxw> [#2] [h:23] <= <6g4..gsc> [#g] [h:20] OrderBook, line 170: order update: {"id" : 13, "owner" : "6g4emr7vyfh9hc72eh4g4eqyazhymh6hvt44syz3q4bkz1texg8s7hwgsc:ed25519", "price" : 5, "amount" : 236, "unMatchedAmount" : 0, "triggerPrice" : 9, "status" : "FIXED", "action" : "SELL", "pair" : "BTCUSDT"}
[PRD]: [16:15:39.400] <d2m..gp8> [#3] [h:23] <= <mf9..n18> [#g] [h:22] OrderBook, line 161: order remove: {"id" : 18, "owner" : "mf9ey7wwkkrtk6pjeybj65x76k40cvwjvfa8pgtcd11emdmtbre87axn18:ed25519", "price" : 1, "amount" : 84, "unMatchedAmount" : 0, "triggerPrice" : 7, "status" : "FIXED", "action" : "SELL", "pair" : "ETHUSDC"}
[PRD]: [16:15:39.423] <36n..cxw> [#2] [h:23] <= <6g4..gsc> [#g] [h:20] OrderBook, line 161: order remove: {"id" : 13, "owner" : "6g4emr7vyfh9hc72eh4g4eqyazhymh6hvt44syz3q4bkz1texg8s7hwgsc:ed25519", "price" : 5, "amount" : 236, "unMatchedAmount" : 0, "triggerPrice" : 9, "status" : "FIXED", "action" : "SELL", "pair" : "BTCUSDT"}
[PRD]: [16:15:39.473] <pq8..0rc> [#3] [h:24] <= <j85..s8c> [#g] [h:23] OrderBook, line 98: order add: {"id" : 19, "owner" : "j8568w23a5vkxnxseav83wscj9d929y2055msw9wvv2f8pff8k8a716s8c:ed25519", "price" : 8, "amount" : 486, "unMatchedAmount" : 486, "triggerPrice" : 0, "status" : "OPEN", "action" : "BUY", "pair" : "BNBUSDC"}
[PRD]: [16:15:39.473] <36n..cxw> [#2] [h:24] <= <5gz..t08> [#g] [h:21] OrderBook, line 98: order add: {"id" : 15, "owner" : "5gzkwbjnsdp0htesj9atg1m4k1d40mxmyjwghv7cwnzefmmmkxxe737t08:ed25519", "price" : 10, "amount" : 3, "unMatchedAmount" : 3, "triggerPrice" : 0, "status" : "OPEN", "action" : "SELL", "pair" : "BTCUSDT"}
[PRD]: [16:15:39.522] <d2m..gp8> [#3] [h:25] <= <xph..7z4> [#g] [h:23] OrderBook, line 138: order add: {"id" : 20, "owner" : "xph8j0t7yhqh9vzcptxcf9zw8d1hj8dk0njr0pm0yvdtsfh3qh3p6kx7z4:ed25519", "price" : 2, "amount" : 278, "unMatchedAmount" : 278, "triggerPrice" : 0, "status" : "OPEN", "action" : "BUY", "pair" : "ETHUSDC"}
[PRD]: [16:15:39.522] <36n..cxw> [#2] [h:25] <= <nnv..yv0> [#g] [h:22] OrderBook, line 138: order add: {"id" : 17, "owner" : "nnv1j69sf9ge6t78863h2cq5c8jrqbd8a2kk659q9yt4m97sa5kk62nyv0:ed25519", "price" : 8, "amount" : 906, "unMatchedAmount" : 906, "triggerPrice" : 0, "status" : "OPEN", "action" : "SELL", "pair" : "BTCUSDT"}
[PRD]: [16:15:39.573] <36n..cxw> [#2] [h:25] <= <nnv..yv0> [#g] [h:22] MatchEngine, line 71: matched: price: 9 , quantity: 351 , maker order: {"id" : 8, "owner" : "zg0jxxcyqjqr3ts5fqbkwkrawv5c3e46wfg9nn99hs2xb570dgtj7w27c8:ed25519", "price" : 9, "amount" : 963, "unMatchedAmount" : 351, "triggerPrice" : 9, "status" : "PARTIALLYFIXED", "action" : "BUY", "pair" : "BTCUSDT"}
[PRD]: [16:15:39.598] <36n..cxw> [#2] [h:25] <= <nnv..yv0> [#g] [h:22] OrderBook, line 170: order update: {"id" : 8, "owner" : "zg0jxxcyqjqr3ts5fqbkwkrawv5c3e46wfg9nn99hs2xb570dgtj7w27c8:ed25519", "price" : 9, "amount" : 963, "unMatchedAmount" : 0, "triggerPrice" : 9, "status" : "FIXED", "action" : "BUY", "pair" : "BTCUSDT"}
[PRD]: [16:15:39.622] <36n..cxw> [#2] [h:25] <= <nnv..yv0> [#g] [h:22] OrderBook, line 161: order remove: {"id" : 8, "owner" : "zg0jxxcyqjqr3ts5fqbkwkrawv5c3e46wfg9nn99hs2xb570dgtj7w27c8:ed25519", "price" : 9, "amount" : 963, "unMatchedAmount" : 0, "triggerPrice" : 9, "status" : "FIXED", "action" : "BUY", "pair" : "BTCUSDT"}
[PRD]: [16:15:39.664] <36n..cxw> [#2] [h:25] <= <nnv..yv0> [#g] [h:22] MatchEngine, line 71: matched: price: 8 , quantity: 555 , maker order: {"id" : 9, "owner" : "c3z6v6dmx8wm27epgsb8c5satpqkgewj4tbq12khnz94vmz2wv4t7hb2hg:ed25519", "price" : 8, "amount" : 718, "unMatchedAmount" : 718, "triggerPrice" : 0, "status" : "OPEN", "action" : "BUY", "pair" : "BTCUSDT"}
[PRD]: [16:15:39.692] <36n..cxw> [#2] [h:25] <= <nnv..yv0> [#g] [h:22] OrderBook, line 170: order update: {"id" : 9, "owner" : "c3z6v6dmx8wm27epgsb8c5satpqkgewj4tbq12khnz94vmz2wv4t7hb2hg:ed25519", "price" : 8, "amount" : 718, "unMatchedAmount" : 163, "triggerPrice" : 8, "status" : "PARTIALLYFIXED", "action" : "BUY", "pair" : "BTCUSDT"}
[PRD]: [16:15:39.723] <36n..cxw> [#2] [h:25] <= <nnv..yv0> [#g] [h:22] OrderBook, line 170: order update: {"id" : 17, "owner" : "nnv1j69sf9ge6t78863h2cq5c8jrqbd8a2kk659q9yt4m97sa5kk62nyv0:ed25519", "price" : 8, "amount" : 906, "unMatchedAmount" : 0, "triggerPrice" : 8, "status" : "FIXED", "action" : "SELL", "pair" : "BTCUSDT"}
[PRD]: [16:15:39.764] <36n..cxw> [#2] [h:25] <= <nnv..yv0> [#g] [h:22] OrderBook, line 161: order remove: {"id" : 17, "owner" : "nnv1j69sf9ge6t78863h2cq5c8jrqbd8a2kk659q9yt4m97sa5kk62nyv0:ed25519", "price" : 8, "amount" : 906, "unMatchedAmount" : 0, "triggerPrice" : 8, "status" : "FIXED", "action" : "SELL", "pair" : "BTCUSDT"}
[PRD]: [16:15:39.791] <pq8..0rc> [#3] [h:26] <= <4jk..aj8> [#g] [h:24] OrderBook, line 138: order add: {"id" : 21, "owner" : "4jkyqsmb9xg4rp0ba5tnkcc5qkpw8dzjrp4fw756t7gcew0dms7565jaj8:ed25519", "price" : 3, "amount" : 803, "unMatchedAmount" : 803, "triggerPrice" : 0, "status" : "OPEN", "action" : "BUY", "pair" : "BNBUSDC"}
[PRD]: [16:15:39.831] <36n..cxw> [#2] [h:27] <= <ss8..2rr> [#g] [h:27] OrderBook, line 138: order add: {"id" : 28, "owner" : "ss8yn6q04tpq0y3w9862vg3q9rzqweezf3hfzcscq1hykwyk7yxs6162rr:ed25519", "price" : 7, "amount" : 251, "unMatchedAmount" : 251, "triggerPrice" : 0, "status" : "OPEN", "action" : "BUY", "pair" : "BTCUSDT"}
[PRD]: [16:15:39.832] <d2m..gp8> [#3] [h:27] <= <mt9..5kc> [#g] [h:24] OrderBook, line 138: order add: {"id" : 22, "owner" : "mt9kd8cdjggp97929cpdvsybf68yr07gzv9f5wasmj547gzbwxqx6r75kc:ed25519", "price" : 7, "amount" : 643, "unMatchedAmount" : 643, "triggerPrice" : 0, "status" : "OPEN", "action" : "BUY", "pair" : "ETHUSDC"}
[PRD]: [16:15:39.894] <d2m..gp8> [#3] [h:28] <= <6g4..gsc> [#g] [h:25] OrderBook, line 138: order add: {"id" : 23, "owner" : "6g4emr7vyfh9hc72eh4g4eqyazhymh6hvt44syz3q4bkz1texg8s7hwgsc:ed25519", "price" : 3, "amount" : 427, "unMatchedAmount" : 427, "triggerPrice" : 0, "status" : "OPEN", "action" : "BUY", "pair" : "ETHUSDC"}
[PRD]: [16:15:39.931] <pq8..0rc> [#3] [h:29] <= <g27..w7m> [#g] [h:25] OrderBook, line 98: order add: {"id" : 24, "owner" : "g27nvcw1yv85qebnxg2r98ywctan3nvqf5mwzp9r49xnry0ybcte73cw7m:ed25519", "price" : 8, "amount" : 873, "unMatchedAmount" : 873, "triggerPrice" : 0, "status" : "OPEN", "action" : "SELL", "pair" : "BNBUSDC"}
[PRD]: [16:15:39.931] <36n..cxw> [#2] [h:29] <= <5rs..p0w> [#g] [h:29] OrderBook, line 138: order add: {"id" : 31, "owner" : "5rsn15vbtf7trzk1wgbq29ez3wbv8ggyf2dy01fpjsrzb4wv6tmn7jmp0w:ed25519", "price" : 8, "amount" : 878, "unMatchedAmount" : 878, "triggerPrice" : 0, "status" : "OPEN", "action" : "SELL", "pair" : "BTCUSDT"}
[PRD]: [16:15:39.959] <pq8..0rc> [#3] [h:29] <= <g27..w7m> [#g] [h:25] MatchEngine, line 71: matched: price: 8 , quantity: 486 , maker order: {"id" : 19, "owner" : "j8568w23a5vkxnxseav83wscj9d929y2055msw9wvv2f8pff8k8a716s8c:ed25519", "price" : 8, "amount" : 486, "unMatchedAmount" : 486, "triggerPrice" : 0, "status" : "OPEN", "action" : "BUY", "pair" : "BNBUSDC"}
[PRD]: [16:15:39.989] <36n..cxw> [#2] [h:29] <= <5rs..p0w> [#g] [h:29] MatchEngine, line 71: matched: price: 8 , quantity: 163 , maker order: {"id" : 9, "owner" : "c3z6v6dmx8wm27epgsb8c5satpqkgewj4tbq12khnz94vmz2wv4t7hb2hg:ed25519", "price" : 8, "amount" : 718, "unMatchedAmount" : 163, "triggerPrice" : 8, "status" : "PARTIALLYFIXED", "action" : "BUY", "pair" : "BTCUSDT"}
[PRD]: [16:15:40.023] <pq8..0rc> [#3] [h:29] <= <g27..w7m> [#g] [h:25] OrderBook, line 170: order update: {"id" : 19, "owner" : "j8568w23a5vkxnxseav83wscj9d929y2055msw9wvv2f8pff8k8a716s8c:ed25519", "price" : 8, "amount" : 486, "unMatchedAmount" : 0, "triggerPrice" : 8, "status" : "FIXED", "action" : "BUY", "pair" : "BNBUSDC"}
[PRD]: [16:15:40.060] <36n..cxw> [#2] [h:29] <= <5rs..p0w> [#g] [h:29] OrderBook, line 170: order update: {"id" : 9, "owner" : "c3z6v6dmx8wm27epgsb8c5satpqkgewj4tbq12khnz94vmz2wv4t7hb2hg:ed25519", "price" : 8, "amount" : 718, "unMatchedAmount" : 0, "triggerPrice" : 8, "status" : "FIXED", "action" : "BUY", "pair" : "BTCUSDT"}
[PRD]: [16:15:40.097] <pq8..0rc> [#3] [h:29] <= <g27..w7m> [#g] [h:25] OrderBook, line 161: order remove: {"id" : 19, "owner" : "j8568w23a5vkxnxseav83wscj9d929y2055msw9wvv2f8pff8k8a716s8c:ed25519", "price" : 8, "amount" : 486, "unMatchedAmount" : 0, "triggerPrice" : 8, "status" : "FIXED", "action" : "BUY", "pair" : "BNBUSDC"}
[PRD]: [16:15:40.122] <36n..cxw> [#2] [h:29] <= <5rs..p0w> [#g] [h:29] OrderBook, line 161: order remove: {"id" : 9, "owner" : "c3z6v6dmx8wm27epgsb8c5satpqkgewj4tbq12khnz94vmz2wv4t7hb2hg:ed25519", "price" : 8, "amount" : 718, "unMatchedAmount" : 0, "triggerPrice" : 8, "status" : "FIXED", "action" : "BUY", "pair" : "BTCUSDT"}
[PRD]: [16:15:40.165] <pq8..0rc> [#3] [h:29] <= <g27..w7m> [#g] [h:25] OrderBook, line 170: order update: {"id" : 24, "owner" : "g27nvcw1yv85qebnxg2r98ywctan3nvqf5mwzp9r49xnry0ybcte73cw7m:ed25519", "price" : 8, "amount" : 873, "unMatchedAmount" : 387, "triggerPrice" : 0, "status" : "PARTIALLYFIXED", "action" : "SELL", "pair" : "BNBUSDC"}
[PRD]: [16:15:40.192] <36n..cxw> [#2] [h:29] <= <5rs..p0w> [#g] [h:29] OrderBook, line 170: order update: {"id" : 31, "owner" : "5rsn15vbtf7trzk1wgbq29ez3wbv8ggyf2dy01fpjsrzb4wv6tmn7jmp0w:ed25519", "price" : 8, "amount" : 878, "unMatchedAmount" : 715, "triggerPrice" : 0, "status" : "PARTIALLYFIXED", "action" : "SELL", "pair" : "BTCUSDT"}
[PRD]: [16:15:40.256] <pq8..0rc> [#3] [h:30] <= <6vq..cwg> [#g] [h:26] OrderBook, line 138: order add: {"id" : 25, "owner" : "6vqt57h5s8b44gwbh517a3gwxf8agtm8z2j2p46xhe1zaqtg3r1y7fecwg:ed25519", "price" : 5, "amount" : 794, "unMatchedAmount" : 794, "triggerPrice" : 0, "status" : "OPEN", "action" : "SELL", "pair" : "BNBUSDC"}
[PRD]: [16:15:40.289] <d2m..gp8> [#3] [h:31] <= <xak..y30> [#g] [h:26] OrderBook, line 98: order add: {"id" : 26, "owner" : "xak94rnx9ajhht1pzva0fbapeh20paj4rs67qwzr4hapk5kjk27p66dy30:ed25519", "price" : 2, "amount" : 922, "unMatchedAmount" : 922, "triggerPrice" : 0, "status" : "OPEN", "action" : "SELL", "pair" : "ETHUSDC"}
[PRD]: [16:15:40.400] <d2m..gp8> [#3] [h:31] <= <xak..y30> [#g] [h:26] MatchEngine, line 71: matched: price: 7 , quantity: 63 , maker order: {"id" : 10, "owner" : "1scrzk7wvdvvgddzgh9zpyg833t49wnz0xken8h0vz4241cpfc2b6dy0nr:ed25519", "price" : 7, "amount" : 716, "unMatchedAmount" : 63, "triggerPrice" : 7, "status" : "PARTIALLYFIXED", "action" : "BUY", "pair" : "ETHUSDC"}
[PRD]: [16:15:40.455] <d2m..gp8> [#3] [h:31] <= <xak..y30> [#g] [h:26] OrderBook, line 170: order update: {"id" : 10, "owner" : "1scrzk7wvdvvgddzgh9zpyg833t49wnz0xken8h0vz4241cpfc2b6dy0nr:ed25519", "price" : 7, "amount" : 716, "unMatchedAmount" : 0, "triggerPrice" : 7, "status" : "FIXED", "action" : "BUY", "pair" : "ETHUSDC"}
[PRD]: [16:15:40.490] <d2m..gp8> [#3] [h:31] <= <xak..y30> [#g] [h:26] OrderBook, line 161: order remove: {"id" : 10, "owner" : "1scrzk7wvdvvgddzgh9zpyg833t49wnz0xken8h0vz4241cpfc2b6dy0nr:ed25519", "price" : 7, "amount" : 716, "unMatchedAmount" : 0, "triggerPrice" : 7, "status" : "FIXED", "action" : "BUY", "pair" : "ETHUSDC"}
[PRD]: [16:15:40.523] <d2m..gp8> [#3] [h:31] <= <xak..y30> [#g] [h:26] MatchEngine, line 71: matched: price: 7 , quantity: 724 , maker order: {"id" : 11, "owner" : "4jkyqsmb9xg4rp0ba5tnkcc5qkpw8dzjrp4fw756t7gcew0dms7565jaj8:ed25519", "price" : 7, "amount" : 724, "unMatchedAmount" : 724, "triggerPrice" : 0, "status" : "OPEN", "action" : "BUY", "pair" : "ETHUSDC"}
[PRD]: [16:15:40.556] <d2m..gp8> [#3] [h:31] <= <xak..y30> [#g] [h:26] OrderBook, line 170: order update: {"id" : 11, "owner" : "4jkyqsmb9xg4rp0ba5tnkcc5qkpw8dzjrp4fw756t7gcew0dms7565jaj8:ed25519", "price" : 7, "amount" : 724, "unMatchedAmount" : 0, "triggerPrice" : 7, "status" : "FIXED", "action" : "BUY", "pair" : "ETHUSDC"}
[PRD]: [16:15:40.590] <d2m..gp8> [#3] [h:31] <= <xak..y30> [#g] [h:26] OrderBook, line 161: order remove: {"id" : 11, "owner" : "4jkyqsmb9xg4rp0ba5tnkcc5qkpw8dzjrp4fw756t7gcew0dms7565jaj8:ed25519", "price" : 7, "amount" : 724, "unMatchedAmount" : 0, "triggerPrice" : 7, "status" : "FIXED", "action" : "BUY", "pair" : "ETHUSDC"}
[PRD]: [16:15:40.623] <d2m..gp8> [#3] [h:31] <= <xak..y30> [#g] [h:26] MatchEngine, line 71: matched: price: 7 , quantity: 135 , maker order: {"id" : 22, "owner" : "mt9kd8cdjggp97929cpdvsybf68yr07gzv9f5wasmj547gzbwxqx6r75kc:ed25519", "price" : 7, "amount" : 643, "unMatchedAmount" : 643, "triggerPrice" : 0, "status" : "OPEN", "action" : "BUY", "pair" : "ETHUSDC"}
[PRD]: [16:15:40.656] <d2m..gp8> [#3] [h:31] <= <xak..y30> [#g] [h:26] OrderBook, line 170: order update: {"id" : 22, "owner" : "mt9kd8cdjggp97929cpdvsybf68yr07gzv9f5wasmj547gzbwxqx6r75kc:ed25519", "price" : 7, "amount" : 643, "unMatchedAmount" : 508, "triggerPrice" : 7, "status" : "PARTIALLYFIXED", "action" : "BUY", "pair" : "ETHUSDC"}
[PRD]: [16:15:40.690] <d2m..gp8> [#3] [h:31] <= <xak..y30> [#g] [h:26] OrderBook, line 170: order update: {"id" : 26, "owner" : "xak94rnx9ajhht1pzva0fbapeh20paj4rs67qwzr4hapk5kjk27p66dy30:ed25519", "price" : 2, "amount" : 922, "unMatchedAmount" : 0, "triggerPrice" : 7, "status" : "FIXED", "action" : "SELL", "pair" : "ETHUSDC"}
[PRD]: [16:15:40.723] <d2m..gp8> [#3] [h:31] <= <xak..y30> [#g] [h:26] OrderBook, line 161: order remove: {"id" : 26, "owner" : "xak94rnx9ajhht1pzva0fbapeh20paj4rs67qwzr4hapk5kjk27p66dy30:ed25519", "price" : 2, "amount" : 922, "unMatchedAmount" : 0, "triggerPrice" : 7, "status" : "FIXED", "action" : "SELL", "pair" : "ETHUSDC"}
[PRD]: [16:15:40.757] <d2m..gp8> [#3] [h:32] <= <rh4..fsw> [#g] [h:27] OrderBook, line 98: order add: {"id" : 27, "owner" : "rh4j30e6rr6cw8jpc103gvby0cm8jj9yfzn0x2av4wxcdp3e05396yyfsw:ed25519", "price" : 2, "amount" : 821, "unMatchedAmount" : 821, "triggerPrice" : 0, "status" : "OPEN", "action" : "SELL", "pair" : "ETHUSDC"}
[PRD]: [16:15:40.790] <d2m..gp8> [#3] [h:32] <= <rh4..fsw> [#g] [h:27] MatchEngine, line 71: matched: price: 7 , quantity: 508 , maker order: {"id" : 22, "owner" : "mt9kd8cdjggp97929cpdvsybf68yr07gzv9f5wasmj547gzbwxqx6r75kc:ed25519", "price" : 7, "amount" : 643, "unMatchedAmount" : 508, "triggerPrice" : 7, "status" : "PARTIALLYFIXED", "action" : "BUY", "pair" : "ETHUSDC"}
[PRD]: [16:15:40.823] <d2m..gp8> [#3] [h:32] <= <rh4..fsw> [#g] [h:27] OrderBook, line 170: order update: {"id" : 22, "owner" : "mt9kd8cdjggp97929cpdvsybf68yr07gzv9f5wasmj547gzbwxqx6r75kc:ed25519", "price" : 7, "amount" : 643, "unMatchedAmount" : 0, "triggerPrice" : 7, "status" : "FIXED", "action" : "BUY", "pair" : "ETHUSDC"}
[PRD]: [16:15:40.856] <d2m..gp8> [#3] [h:32] <= <rh4..fsw> [#g] [h:27] OrderBook, line 161: order remove: {"id" : 22, "owner" : "mt9kd8cdjggp97929cpdvsybf68yr07gzv9f5wasmj547gzbwxqx6r75kc:ed25519", "price" : 7, "amount" : 643, "unMatchedAmount" : 0, "triggerPrice" : 7, "status" : "FIXED", "action" : "BUY", "pair" : "ETHUSDC"}
[PRD]: [16:15:40.889] <d2m..gp8> [#3] [h:32] <= <rh4..fsw> [#g] [h:27] MatchEngine, line 71: matched: price: 5 , quantity: 313 , maker order: {"id" : 14, "owner" : "apyyfwn1h5v2ym1wj4fwvqpd9ygbw6ra667g215bb40jdh7epx9f7azty0:ed25519", "price" : 5, "amount" : 856, "unMatchedAmount" : 856, "triggerPrice" : 0, "status" : "OPEN", "action" : "BUY", "pair" : "ETHUSDC"}
[PRD]: [16:15:40.923] <d2m..gp8> [#3] [h:32] <= <rh4..fsw> [#g] [h:27] OrderBook, line 170: order update: {"id" : 14, "owner" : "apyyfwn1h5v2ym1wj4fwvqpd9ygbw6ra667g215bb40jdh7epx9f7azty0:ed25519", "price" : 5, "amount" : 856, "unMatchedAmount" : 543, "triggerPrice" : 5, "status" : "PARTIALLYFIXED", "action" : "BUY", "pair" : "ETHUSDC"}
[PRD]: [16:15:40.956] <d2m..gp8> [#3] [h:32] <= <rh4..fsw> [#g] [h:27] OrderBook, line 170: order update: {"id" : 27, "owner" : "rh4j30e6rr6cw8jpc103gvby0cm8jj9yfzn0x2av4wxcdp3e05396yyfsw:ed25519", "price" : 2, "amount" : 821, "unMatchedAmount" : 0, "triggerPrice" : 5, "status" : "FIXED", "action" : "SELL", "pair" : "ETHUSDC"}
[PRD]: [16:15:40.989] <d2m..gp8> [#3] [h:32] <= <rh4..fsw> [#g] [h:27] OrderBook, line 161: order remove: {"id" : 27, "owner" : "rh4j30e6rr6cw8jpc103gvby0cm8jj9yfzn0x2av4wxcdp3e05396yyfsw:ed25519", "price" : 2, "amount" : 821, "unMatchedAmount" : 0, "triggerPrice" : 5, "status" : "FIXED", "action" : "SELL", "pair" : "ETHUSDC"}
[PRD]: [16:15:41.024] <pq8..0rc> [#3] [h:33] <= <5gz..t08> [#g] [h:28] OrderBook, line 138: order add: {"id" : 29, "owner" : "5gzkwbjnsdp0htesj9atg1m4k1d40mxmyjwghv7cwnzefmmmkxxe737t08:ed25519", "price" : 8, "amount" : 707, "unMatchedAmount" : 707, "triggerPrice" : 0, "status" : "OPEN", "action" : "BUY", "pair" : "BNBUSDC"}
[PRD]: [16:15:41.056] <pq8..0rc> [#3] [h:33] <= <5gz..t08> [#g] [h:28] MatchEngine, line 71: matched: price: 5 , quantity: 707 , maker order: {"id" : 25, "owner" : "6vqt57h5s8b44gwbh517a3gwxf8agtm8z2j2p46xhe1zaqtg3r1y7fecwg:ed25519", "price" : 5, "amount" : 794, "unMatchedAmount" : 794, "triggerPrice" : 0, "status" : "OPEN", "action" : "SELL", "pair" : "BNBUSDC"}
[PRD]: [16:15:41.089] <pq8..0rc> [#3] [h:33] <= <5gz..t08> [#g] [h:28] OrderBook, line 170: order update: {"id" : 25, "owner" : "6vqt57h5s8b44gwbh517a3gwxf8agtm8z2j2p46xhe1zaqtg3r1y7fecwg:ed25519", "price" : 5, "amount" : 794, "unMatchedAmount" : 87, "triggerPrice" : 5, "status" : "PARTIALLYFIXED", "action" : "SELL", "pair" : "BNBUSDC"}
[PRD]: [16:15:41.123] <pq8..0rc> [#3] [h:33] <= <5gz..t08> [#g] [h:28] OrderBook, line 170: order update: {"id" : 29, "owner" : "5gzkwbjnsdp0htesj9atg1m4k1d40mxmyjwghv7cwnzefmmmkxxe737t08:ed25519", "price" : 8, "amount" : 707, "unMatchedAmount" : 0, "triggerPrice" : 5, "status" : "FIXED", "action" : "BUY", "pair" : "BNBUSDC"}
[PRD]: [16:15:41.156] <pq8..0rc> [#3] [h:33] <= <5gz..t08> [#g] [h:28] OrderBook, line 161: order remove: {"id" : 29, "owner" : "5gzkwbjnsdp0htesj9atg1m4k1d40mxmyjwghv7cwnzefmmmkxxe737t08:ed25519", "price" : 8, "amount" : 707, "unMatchedAmount" : 0, "triggerPrice" : 5, "status" : "FIXED", "action" : "BUY", "pair" : "BNBUSDC"}
[PRD]: [16:15:41.190] <pq8..0rc> [#3] [h:34] <= <jkb..ham> [#g] [h:29] OrderBook, line 138: order add: {"id" : 30, "owner" : "jkbpjpx3xe5r49bgfr54gtj0d56gabp8879kh7e4sfevthbzdmhr7sbham:ed25519", "price" : 1, "amount" : 545, "unMatchedAmount" : 545, "triggerPrice" : 0, "status" : "OPEN", "action" : "BUY", "pair" : "BNBUSDC"}
[PRD]: [16:15:41.224] <pq8..0rc> [#3] [h:35] <= <v28..hsg> [#g] [h:30] OrderBook, line 138: order add: {"id" : 32, "owner" : "v28zk7zdvz1mr7qgwn9y0ygnavsyemwgnw7w9sb503bcxqy14sfz7k8hsg:ed25519", "price" : 3, "amount" : 463, "unMatchedAmount" : 463, "triggerPrice" : 0, "status" : "OPEN", "action" : "BUY", "pair" : "BNBUSDC"}
[PRD]: [16:15:41.256] <pq8..0rc> [#3] [h:36] <= <5gz..t08> [#g] [h:31] OrderBook, line 138: order add: {"id" : 33, "owner" : "5gzkwbjnsdp0htesj9atg1m4k1d40mxmyjwghv7cwnzefmmmkxxe737t08:ed25519", "price" : 5, "amount" : 656, "unMatchedAmount" : 656, "triggerPrice" : 0, "status" : "OPEN", "action" : "BUY", "pair" : "BNBUSDC"}
[PRD]: [16:15:41.289] <pq8..0rc> [#3] [h:36] <= <5gz..t08> [#g] [h:31] MatchEngine, line 71: matched: price: 5 , quantity: 87 , maker order: {"id" : 25, "owner" : "6vqt57h5s8b44gwbh517a3gwxf8agtm8z2j2p46xhe1zaqtg3r1y7fecwg:ed25519", "price" : 5, "amount" : 794, "unMatchedAmount" : 87, "triggerPrice" : 5, "status" : "PARTIALLYFIXED", "action" : "SELL", "pair" : "BNBUSDC"}
[PRD]: [16:15:41.323] <pq8..0rc> [#3] [h:36] <= <5gz..t08> [#g] [h:31] OrderBook, line 170: order update: {"id" : 25, "owner" : "6vqt57h5s8b44gwbh517a3gwxf8agtm8z2j2p46xhe1zaqtg3r1y7fecwg:ed25519", "price" : 5, "amount" : 794, "unMatchedAmount" : 0, "triggerPrice" : 5, "status" : "FIXED", "action" : "SELL", "pair" : "BNBUSDC"}
[PRD]: [16:15:41.364] <pq8..0rc> [#3] [h:36] <= <5gz..t08> [#g] [h:31] OrderBook, line 161: order remove: {"id" : 25, "owner" : "6vqt57h5s8b44gwbh517a3gwxf8agtm8z2j2p46xhe1zaqtg3r1y7fecwg:ed25519", "price" : 5, "amount" : 794, "unMatchedAmount" : 0, "triggerPrice" : 5, "status" : "FIXED", "action" : "SELL", "pair" : "BNBUSDC"}
[PRD]: [16:15:41.397] <pq8..0rc> [#3] [h:36] <= <5gz..t08> [#g] [h:31] OrderBook, line 170: order update: {"id" : 33, "owner" : "5gzkwbjnsdp0htesj9atg1m4k1d40mxmyjwghv7cwnzefmmmkxxe737t08:ed25519", "price" : 5, "amount" : 656, "unMatchedAmount" : 569, "triggerPrice" : 0, "status" : "PARTIALLYFIXED", "action" : "BUY", "pair" : "BNBUSDC"}
[PRD]: [16:15:41.423] <d2m..gp8> [#3] [h:37] <= <zg0..7c8> [#g] [h:31] OrderBook, line 138: order add: {"id" : 34, "owner" : "zg0jxxcyqjqr3ts5fqbkwkrawv5c3e46wfg9nn99hs2xb570dgtj7w27c8:ed25519", "price" : 6, "amount" : 597, "unMatchedAmount" : 597, "triggerPrice" : 0, "status" : "OPEN", "action" : "BUY", "pair" : "ETHUSDC"}
[PRD]: [16:15:41.456] <d2m..gp8> [#3] [h:38] <= <kp8..yj8> [#g] [h:32] OrderBook, line 138: order add: {"id" : 35, "owner" : "kp8qdhzrfc0ejznn3baprkbqxycyp4h02e5s72n5x1cnhgqqhznn65qyj8:ed25519", "price" : 10, "amount" : 33, "unMatchedAmount" : 33, "triggerPrice" : 0, "status" : "OPEN", "action" : "BUY", "pair" : "ETHUSDC"}
[PRD]: [16:15:41.485] <pq8..0rc> [#3] [h:39] <= <dgw..84r> [#g] [h:32] OrderBook, line 138: order add: {"id" : 36, "owner" : "dgw5e5a36vcn4vtpsh9setx89zpg1kb3kmtgsw2hnyec02fygnem69b84r:ed25519", "price" : 3, "amount" : 330, "unMatchedAmount" : 330, "triggerPrice" : 0, "status" : "OPEN", "action" : "SELL", "pair" : "BNBUSDC"}
[PRD]: [16:15:41.507] <pq8..0rc> [#3] [h:39] <= <dgw..84r> [#g] [h:32] MatchEngine, line 71: matched: price: 5 , quantity: 330 , maker order: {"id" : 33, "owner" : "5gzkwbjnsdp0htesj9atg1m4k1d40mxmyjwghv7cwnzefmmmkxxe737t08:ed25519", "price" : 5, "amount" : 656, "unMatchedAmount" : 569, "triggerPrice" : 0, "status" : "PARTIALLYFIXED", "action" : "BUY", "pair" : "BNBUSDC"}
[PRD]: [16:15:41.544] <pq8..0rc> [#3] [h:39] <= <dgw..84r> [#g] [h:32] OrderBook, line 170: order update: {"id" : 33, "owner" : "5gzkwbjnsdp0htesj9atg1m4k1d40mxmyjwghv7cwnzefmmmkxxe737t08:ed25519", "price" : 5, "amount" : 656, "unMatchedAmount" : 239, "triggerPrice" : 5, "status" : "PARTIALLYFIXED", "action" : "BUY", "pair" : "BNBUSDC"}
[PRD]: [16:15:41.572] <pq8..0rc> [#3] [h:39] <= <dgw..84r> [#g] [h:32] OrderBook, line 170: order update: {"id" : 36, "owner" : "dgw5e5a36vcn4vtpsh9setx89zpg1kb3kmtgsw2hnyec02fygnem69b84r:ed25519", "price" : 3, "amount" : 330, "unMatchedAmount" : 0, "triggerPrice" : 5, "status" : "FIXED", "action" : "SELL", "pair" : "BNBUSDC"}
[PRD]: [16:15:41.602] <pq8..0rc> [#3] [h:39] <= <dgw..84r> [#g] [h:32] OrderBook, line 161: order remove: {"id" : 36, "owner" : "dgw5e5a36vcn4vtpsh9setx89zpg1kb3kmtgsw2hnyec02fygnem69b84r:ed25519", "price" : 3, "amount" : 330, "unMatchedAmount" : 0, "triggerPrice" : 5, "status" : "FIXED", "action" : "SELL", "pair" : "BNBUSDC"}
[PRD]: [16:15:41.631] <pq8..0rc> [#3] [h:40] <= <cvy..9mr> [#g] [h:33] OrderBook, line 138: order add: {"id" : 37, "owner" : "cvyb9yx2zne35wpk5a64kbep7835fzmrf02hfcv7kpje7c2vh61z6aq9mr:ed25519", "price" : 4, "amount" : 633, "unMatchedAmount" : 633, "triggerPrice" : 0, "status" : "OPEN", "action" : "SELL", "pair" : "BNBUSDC"}
[PRD]: [16:15:41.656] <pq8..0rc> [#3] [h:40] <= <cvy..9mr> [#g] [h:33] MatchEngine, line 71: matched: price: 5 , quantity: 239 , maker order: {"id" : 33, "owner" : "5gzkwbjnsdp0htesj9atg1m4k1d40mxmyjwghv7cwnzefmmmkxxe737t08:ed25519", "price" : 5, "amount" : 656, "unMatchedAmount" : 239, "triggerPrice" : 5, "status" : "PARTIALLYFIXED", "action" : "BUY", "pair" : "BNBUSDC"}
[PRD]: [16:15:41.706] <pq8..0rc> [#3] [h:40] <= <cvy..9mr> [#g] [h:33] OrderBook, line 170: order update: {"id" : 33, "owner" : "5gzkwbjnsdp0htesj9atg1m4k1d40mxmyjwghv7cwnzefmmmkxxe737t08:ed25519", "price" : 5, "amount" : 656, "unMatchedAmount" : 0, "triggerPrice" : 5, "status" : "FIXED", "action" : "BUY", "pair" : "BNBUSDC"}
[PRD]: [16:15:41.743] <pq8..0rc> [#3] [h:40] <= <cvy..9mr> [#g] [h:33] OrderBook, line 161: order remove: {"id" : 33, "owner" : "5gzkwbjnsdp0htesj9atg1m4k1d40mxmyjwghv7cwnzefmmmkxxe737t08:ed25519", "price" : 5, "amount" : 656, "unMatchedAmount" : 0, "triggerPrice" : 5, "status" : "FIXED", "action" : "BUY", "pair" : "BNBUSDC"}
[PRD]: [16:15:41.772] <pq8..0rc> [#3] [h:40] <= <cvy..9mr> [#g] [h:33] OrderBook, line 170: order update: {"id" : 37, "owner" : "cvyb9yx2zne35wpk5a64kbep7835fzmrf02hfcv7kpje7c2vh61z6aq9mr:ed25519", "price" : 4, "amount" : 633, "unMatchedAmount" : 394, "triggerPrice" : 0, "status" : "PARTIALLYFIXED", "action" : "SELL", "pair" : "BNBUSDC"}
[PRD]: [16:15:41.802] <d2m..gp8> [#3] [h:41] <= <p4w..250> [#g] [h:33] OrderBook, line 138: order add: {"id" : 38, "owner" : "p4wdjn3b54m280j3xw2g125aa9ks4b5yh87sg6jpqyne892k3mks6xj250:ed25519", "price" : 10, "amount" : 550, "unMatchedAmount" : 550, "triggerPrice" : 0, "status" : "OPEN", "action" : "BUY", "pair" : "ETHUSDC"}
[PRD]: [16:15:41.829] <d2m..gp8> [#3] [h:42] <= <zg0..7c8> [#g] [h:34] OrderBook, line 98: order add: {"id" : 39, "owner" : "zg0jxxcyqjqr3ts5fqbkwkrawv5c3e46wfg9nn99hs2xb570dgtj7w27c8:ed25519", "price" : 7, "amount" : 535, "unMatchedAmount" : 535, "triggerPrice" : 0, "status" : "OPEN", "action" : "SELL", "pair" : "ETHUSDC"}
[PRD]: [16:15:41.860] <d2m..gp8> [#3] [h:42] <= <zg0..7c8> [#g] [h:34] MatchEngine, line 71: matched: price: 10 , quantity: 33 , maker order: {"id" : 35, "owner" : "kp8qdhzrfc0ejznn3baprkbqxycyp4h02e5s72n5x1cnhgqqhznn65qyj8:ed25519", "price" : 10, "amount" : 33, "unMatchedAmount" : 33, "triggerPrice" : 0, "status" : "OPEN", "action" : "BUY", "pair" : "ETHUSDC"}
[PRD]: [16:15:41.889] <d2m..gp8> [#3] [h:42] <= <zg0..7c8> [#g] [h:34] OrderBook, line 170: order update: {"id" : 35, "owner" : "kp8qdhzrfc0ejznn3baprkbqxycyp4h02e5s72n5x1cnhgqqhznn65qyj8:ed25519", "price" : 10, "amount" : 33, "unMatchedAmount" : 0, "triggerPrice" : 10, "status" : "FIXED", "action" : "BUY", "pair" : "ETHUSDC"}
[PRD]: [16:15:41.919] <d2m..gp8> [#3] [h:42] <= <zg0..7c8> [#g] [h:34] OrderBook, line 161: order remove: {"id" : 35, "owner" : "kp8qdhzrfc0ejznn3baprkbqxycyp4h02e5s72n5x1cnhgqqhznn65qyj8:ed25519", "price" : 10, "amount" : 33, "unMatchedAmount" : 0, "triggerPrice" : 10, "status" : "FIXED", "action" : "BUY", "pair" : "ETHUSDC"}
[PRD]: [16:15:41.944] <d2m..gp8> [#3] [h:42] <= <zg0..7c8> [#g] [h:34] MatchEngine, line 71: matched: price: 10 , quantity: 502 , maker order: {"id" : 38, "owner" : "p4wdjn3b54m280j3xw2g125aa9ks4b5yh87sg6jpqyne892k3mks6xj250:ed25519", "price" : 10, "amount" : 550, "unMatchedAmount" : 550, "triggerPrice" : 0, "status" : "OPEN", "action" : "BUY", "pair" : "ETHUSDC"}
[PRD]: [16:15:41.977] <d2m..gp8> [#3] [h:42] <= <zg0..7c8> [#g] [h:34] OrderBook, line 170: order update: {"id" : 38, "owner" : "p4wdjn3b54m280j3xw2g125aa9ks4b5yh87sg6jpqyne892k3mks6xj250:ed25519", "price" : 10, "amount" : 550, "unMatchedAmount" : 48, "triggerPrice" : 10, "status" : "PARTIALLYFIXED", "action" : "BUY", "pair" : "ETHUSDC"}
[PRD]: [16:15:42.006] <d2m..gp8> [#3] [h:42] <= <zg0..7c8> [#g] [h:34] OrderBook, line 170: order update: {"id" : 39, "owner" : "zg0jxxcyqjqr3ts5fqbkwkrawv5c3e46wfg9nn99hs2xb570dgtj7w27c8:ed25519", "price" : 7, "amount" : 535, "unMatchedAmount" : 0, "triggerPrice" : 10, "status" : "FIXED", "action" : "SELL", "pair" : "ETHUSDC"}
[PRD]: [16:15:42.035] <d2m..gp8> [#3] [h:42] <= <zg0..7c8> [#g] [h:34] OrderBook, line 161: order remove: {"id" : 39, "owner" : "zg0jxxcyqjqr3ts5fqbkwkrawv5c3e46wfg9nn99hs2xb570dgtj7w27c8:ed25519", "price" : 7, "amount" : 535, "unMatchedAmount" : 0, "triggerPrice" : 10, "status" : "FIXED", "action" : "SELL", "pair" : "ETHUSDC"}
[PRD]: [16:15:42.062] <pq8..0rc> [#3] [h:43] <= <nyk..qd0> [#g] [h:34] OrderBook, line 138: order add: {"id" : 40, "owner" : "nykatc9e306j8a2gnzf280vjdn2ekp9p3hz2hspha2351ww9zvtx7p7qd0:ed25519", "price" : 8, "amount" : 588, "unMatchedAmount" : 588, "triggerPrice" : 0, "status" : "OPEN", "action" : "SELL", "pair" : "BNBUSDC"}
[PRD]: [16:15:42.095] <d2m..gp8> [#3] [h:44] <= <gbv..f4w> [#g] [h:35] OrderBook, line 98: order add: {"id" : 41, "owner" : "gbvpgnypygmj9pjanz75ygznrczhszxh64g63d8jfm30jxraj83g7fnf4w:ed25519", "price" : 10, "amount" : 607, "unMatchedAmount" : 607, "triggerPrice" : 0, "status" : "OPEN", "action" : "SELL", "pair" : "ETHUSDC"}
[PRD]: [16:15:42.123] <d2m..gp8> [#3] [h:44] <= <gbv..f4w> [#g] [h:35] MatchEngine, line 71: matched: price: 10 , quantity: 48 , maker order: {"id" : 38, "owner" : "p4wdjn3b54m280j3xw2g125aa9ks4b5yh87sg6jpqyne892k3mks6xj250:ed25519", "price" : 10, "amount" : 550, "unMatchedAmount" : 48, "triggerPrice" : 10, "status" : "PARTIALLYFIXED", "action" : "BUY", "pair" : "ETHUSDC"}
[PRD]: [16:15:42.152] <d2m..gp8> [#3] [h:44] <= <gbv..f4w> [#g] [h:35] OrderBook, line 170: order update: {"id" : 38, "owner" : "p4wdjn3b54m280j3xw2g125aa9ks4b5yh87sg6jpqyne892k3mks6xj250:ed25519", "price" : 10, "amount" : 550, "unMatchedAmount" : 0, "triggerPrice" : 10, "status" : "FIXED", "action" : "BUY", "pair" : "ETHUSDC"}
[PRD]: [16:15:42.181] <d2m..gp8> [#3] [h:44] <= <gbv..f4w> [#g] [h:35] OrderBook, line 161: order remove: {"id" : 38, "owner" : "p4wdjn3b54m280j3xw2g125aa9ks4b5yh87sg6jpqyne892k3mks6xj250:ed25519", "price" : 10, "amount" : 550, "unMatchedAmount" : 0, "triggerPrice" : 10, "status" : "FIXED", "action" : "BUY", "pair" : "ETHUSDC"}
[PRD]: [16:15:42.211] <d2m..gp8> [#3] [h:44] <= <gbv..f4w> [#g] [h:35] OrderBook, line 170: order update: {"id" : 41, "owner" : "gbvpgnypygmj9pjanz75ygznrczhszxh64g63d8jfm30jxraj83g7fnf4w:ed25519", "price" : 10, "amount" : 607, "unMatchedAmount" : 559, "triggerPrice" : 0, "status" : "PARTIALLYFIXED", "action" : "SELL", "pair" : "ETHUSDC"}
[PRD]: [16:15:42.240] <d2m..gp8> [#3] [h:45] <= <tgb..72w> [#g] [h:36] OrderBook, line 138: order add: {"id" : 42, "owner" : "tgbvyjz0memfn2vw3ykq46pe27as3sn1tfbh1k7x9eyrens8s8pp69472w:ed25519", "price" : 3, "amount" : 586, "unMatchedAmount" : 586, "triggerPrice" : 0, "status" : "OPEN", "action" : "SELL", "pair" : "ETHUSDC"}
[PRD]: [16:15:42.269] <d2m..gp8> [#3] [h:45] <= <tgb..72w> [#g] [h:36] MatchEngine, line 71: matched: price: 6 , quantity: 586 , maker order: {"id" : 34, "owner" : "zg0jxxcyqjqr3ts5fqbkwkrawv5c3e46wfg9nn99hs2xb570dgtj7w27c8:ed25519", "price" : 6, "amount" : 597, "unMatchedAmount" : 597, "triggerPrice" : 0, "status" : "OPEN", "action" : "BUY", "pair" : "ETHUSDC"}
[PRD]: [16:15:42.298] <d2m..gp8> [#3] [h:45] <= <tgb..72w> [#g] [h:36] OrderBook, line 170: order update: {"id" : 34, "owner" : "zg0jxxcyqjqr3ts5fqbkwkrawv5c3e46wfg9nn99hs2xb570dgtj7w27c8:ed25519", "price" : 6, "amount" : 597, "unMatchedAmount" : 11, "triggerPrice" : 6, "status" : "PARTIALLYFIXED", "action" : "BUY", "pair" : "ETHUSDC"}
[PRD]: [16:15:42.327] <d2m..gp8> [#3] [h:45] <= <tgb..72w> [#g] [h:36] OrderBook, line 170: order update: {"id" : 42, "owner" : "tgbvyjz0memfn2vw3ykq46pe27as3sn1tfbh1k7x9eyrens8s8pp69472w:ed25519", "price" : 3, "amount" : 586, "unMatchedAmount" : 0, "triggerPrice" : 6, "status" : "FIXED", "action" : "SELL", "pair" : "ETHUSDC"}
[PRD]: [16:15:42.356] <d2m..gp8> [#3] [h:45] <= <tgb..72w> [#g] [h:36] OrderBook, line 161: order remove: {"id" : 42, "owner" : "tgbvyjz0memfn2vw3ykq46pe27as3sn1tfbh1k7x9eyrens8s8pp69472w:ed25519", "price" : 3, "amount" : 586, "unMatchedAmount" : 0, "triggerPrice" : 6, "status" : "FIXED", "action" : "SELL", "pair" : "ETHUSDC"}
[PRD]: [16:15:42.386] <d2m..gp8> [#3] [h:46] <= <7ta..m68> [#g] [h:37] OrderBook, line 138: order add: {"id" : 43, "owner" : "7ta89hbgc7a0vdsvbz2f7kd0w9bdw1vje0vqed8h61x732ntjbjz78nm68:ed25519", "price" : 4, "amount" : 401, "unMatchedAmount" : 401, "triggerPrice" : 0, "status" : "OPEN", "action" : "SELL", "pair" : "ETHUSDC"}
[PRD]: [16:15:42.414] <d2m..gp8> [#3] [h:46] <= <7ta..m68> [#g] [h:37] MatchEngine, line 71: matched: price: 6 , quantity: 11 , maker order: {"id" : 34, "owner" : "zg0jxxcyqjqr3ts5fqbkwkrawv5c3e46wfg9nn99hs2xb570dgtj7w27c8:ed25519", "price" : 6, "amount" : 597, "unMatchedAmount" : 11, "triggerPrice" : 6, "status" : "PARTIALLYFIXED", "action" : "BUY", "pair" : "ETHUSDC"}
[PRD]: [16:15:42.444] <d2m..gp8> [#3] [h:46] <= <7ta..m68> [#g] [h:37] OrderBook, line 170: order update: {"id" : 34, "owner" : "zg0jxxcyqjqr3ts5fqbkwkrawv5c3e46wfg9nn99hs2xb570dgtj7w27c8:ed25519", "price" : 6, "amount" : 597, "unMatchedAmount" : 0, "triggerPrice" : 6, "status" : "FIXED", "action" : "BUY", "pair" : "ETHUSDC"}
[PRD]: [16:15:42.473] <d2m..gp8> [#3] [h:46] <= <7ta..m68> [#g] [h:37] OrderBook, line 161: order remove: {"id" : 34, "owner" : "zg0jxxcyqjqr3ts5fqbkwkrawv5c3e46wfg9nn99hs2xb570dgtj7w27c8:ed25519", "price" : 6, "amount" : 597, "unMatchedAmount" : 0, "triggerPrice" : 6, "status" : "FIXED", "action" : "BUY", "pair" : "ETHUSDC"}
[PRD]: [16:15:42.503] <d2m..gp8> [#3] [h:46] <= <7ta..m68> [#g] [h:37] MatchEngine, line 71: matched: price: 5 , quantity: 390 , maker order: {"id" : 14, "owner" : "apyyfwn1h5v2ym1wj4fwvqpd9ygbw6ra667g215bb40jdh7epx9f7azty0:ed25519", "price" : 5, "amount" : 856, "unMatchedAmount" : 543, "triggerPrice" : 5, "status" : "PARTIALLYFIXED", "action" : "BUY", "pair" : "ETHUSDC"}
[PRD]: [16:15:42.531] <d2m..gp8> [#3] [h:46] <= <7ta..m68> [#g] [h:37] OrderBook, line 170: order update: {"id" : 14, "owner" : "apyyfwn1h5v2ym1wj4fwvqpd9ygbw6ra667g215bb40jdh7epx9f7azty0:ed25519", "price" : 5, "amount" : 856, "unMatchedAmount" : 153, "triggerPrice" : 5, "status" : "PARTIALLYFIXED", "action" : "BUY", "pair" : "ETHUSDC"}
[PRD]: [16:15:42.559] <d2m..gp8> [#3] [h:46] <= <7ta..m68> [#g] [h:37] OrderBook, line 170: order update: {"id" : 43, "owner" : "7ta89hbgc7a0vdsvbz2f7kd0w9bdw1vje0vqed8h61x732ntjbjz78nm68:ed25519", "price" : 4, "amount" : 401, "unMatchedAmount" : 0, "triggerPrice" : 5, "status" : "FIXED", "action" : "SELL", "pair" : "ETHUSDC"}
[PRD]: [16:15:42.590] <d2m..gp8> [#3] [h:46] <= <7ta..m68> [#g] [h:37] OrderBook, line 161: order remove: {"id" : 43, "owner" : "7ta89hbgc7a0vdsvbz2f7kd0w9bdw1vje0vqed8h61x732ntjbjz78nm68:ed25519", "price" : 4, "amount" : 401, "unMatchedAmount" : 0, "triggerPrice" : 5, "status" : "FIXED", "action" : "SELL", "pair" : "ETHUSDC"}
[PRD]: [16:15:42.619] <d2m..gp8> [#3] [h:47] <= <gbv..f4w> [#g] [h:38] OrderBook, line 138: order add: {"id" : 44, "owner" : "gbvpgnypygmj9pjanz75ygznrczhszxh64g63d8jfm30jxraj83g7fnf4w:ed25519", "price" : 7, "amount" : 923, "unMatchedAmount" : 923, "triggerPrice" : 0, "status" : "OPEN", "action" : "SELL", "pair" : "ETHUSDC"}
[PRD]: [16:15:42.649] <pq8..0rc> [#3] [h:48] <= <enh..fqw> [#g] [h:39] OrderBook, line 138: order add: {"id" : 45, "owner" : "enhtjfdy4qem3cetr2rtvhv9n4gf1h3ytw0dgks49x91pywk04nf6yafqw:ed25519", "price" : 3, "amount" : 408, "unMatchedAmount" : 408, "triggerPrice" : 0, "status" : "OPEN", "action" : "BUY", "pair" : "BNBUSDC"}
[PRD]: [16:15:42.678] <pq8..0rc> [#3] [h:49] <= <p4w..250> [#g] [h:40] OrderBook, line 138: order add: {"id" : 46, "owner" : "p4wdjn3b54m280j3xw2g125aa9ks4b5yh87sg6jpqyne892k3mks6xj250:ed25519", "price" : 4, "amount" : 933, "unMatchedAmount" : 933, "triggerPrice" : 0, "status" : "OPEN", "action" : "SELL", "pair" : "BNBUSDC"}
[PRD]: [16:15:42.707] <pq8..0rc> [#3] [h:50] <= <319..fqr> [#g] [h:41] OrderBook, line 138: order add: {"id" : 47, "owner" : "3192032mbge47k78wqh1q8ddm9gfmx3d7yn382vmp9xbe0nbdctd7fefqr:ed25519", "price" : 6, "amount" : 915, "unMatchedAmount" : 915, "triggerPrice" : 0, "status" : "OPEN", "action" : "SELL", "pair" : "BNBUSDC"}
[PRD]: [16:15:42.736] <pq8..0rc> [#3] [h:51] <= <vzf..hs0> [#g] [h:42] OrderBook, line 138: order add: {"id" : 48, "owner" : "vzffa25nrtpfzhpkdkc7726x34d50cfhk94ky4h06bw6rdvy729q7bwhs0:ed25519", "price" : 5, "amount" : 995, "unMatchedAmount" : 995, "triggerPrice" : 0, "status" : "OPEN", "action" : "SELL", "pair" : "BNBUSDC"}
[PRD]: [16:15:42.765] <d2m..gp8> [#3] [h:53] <= <y0v..xcw> [#g] [h:53] OrderBook, line 138: order add: {"id" : 49, "owner" : "y0vhd9053cgyqveybf3qpzx2eanbbwfp4dja676n1vxvm4fwgy8r7gnxcw:ed25519", "price" : 2, "amount" : 988, "unMatchedAmount" : 988, "triggerPrice" : 0, "status" : "OPEN", "action" : "BUY", "pair" : "ETHUSDC"}
[PRD]: [16:15:42.792] <d2m..gp8> [#3] [h:55] <= <6pj..v18> [#g] [h:55] OrderBook, line 138: order add: {"id" : 50, "owner" : "6pjt8q7p53zwgg1yvdym1zvmk8c5azcxkdpgtq6fq71nnjp82x5y7x7v18:ed25519", "price" : 5, "amount" : 631, "unMatchedAmount" : 631, "triggerPrice" : 0, "status" : "OPEN", "action" : "SELL", "pair" : "ETHUSDC"}
[PRD]: [16:15:42.822] <d2m..gp8> [#3] [h:55] <= <6pj..v18> [#g] [h:55] MatchEngine, line 71: matched: price: 5 , quantity: 153 , maker order: {"id" : 14, "owner" : "apyyfwn1h5v2ym1wj4fwvqpd9ygbw6ra667g215bb40jdh7epx9f7azty0:ed25519", "price" : 5, "amount" : 856, "unMatchedAmount" : 153, "triggerPrice" : 5, "status" : "PARTIALLYFIXED", "action" : "BUY", "pair" : "ETHUSDC"}
[PRD]: [16:15:42.852] <d2m..gp8> [#3] [h:55] <= <6pj..v18> [#g] [h:55] OrderBook, line 170: order update: {"id" : 14, "owner" : "apyyfwn1h5v2ym1wj4fwvqpd9ygbw6ra667g215bb40jdh7epx9f7azty0:ed25519", "price" : 5, "amount" : 856, "unMatchedAmount" : 0, "triggerPrice" : 5, "status" : "FIXED", "action" : "BUY", "pair" : "ETHUSDC"}
[PRD]: [16:15:42.881] <d2m..gp8> [#3] [h:55] <= <6pj..v18> [#g] [h:55] OrderBook, line 161: order remove: {"id" : 14, "owner" : "apyyfwn1h5v2ym1wj4fwvqpd9ygbw6ra667g215bb40jdh7epx9f7azty0:ed25519", "price" : 5, "amount" : 856, "unMatchedAmount" : 0, "triggerPrice" : 5, "status" : "FIXED", "action" : "BUY", "pair" : "ETHUSDC"}
[PRD]: [16:15:42.909] <d2m..gp8> [#3] [h:55] <= <6pj..v18> [#g] [h:55] OrderBook, line 170: order update: {"id" : 50, "owner" : "6pjt8q7p53zwgg1yvdym1zvmk8c5azcxkdpgtq6fq71nnjp82x5y7x7v18:ed25519", "price" : 5, "amount" : 631, "unMatchedAmount" : 478, "triggerPrice" : 0, "status" : "PARTIALLYFIXED", "action" : "SELL", "pair" : "ETHUSDC"}
[PRD]: [16:15:42.940] <pq8..0rc> [#3] [h:57] <= <f34..47w> [#g] [h:57] OrderBook, line 138: order add: {"id" : 51, "owner" : "f34cw8mxk5g6p7s62tzy33f8174eds1zezttyp4jfr8042xxpmsc70k47w:ed25519", "price" : 8, "amount" : 403, "unMatchedAmount" : 403, "triggerPrice" : 0, "status" : "OPEN", "action" : "BUY", "pair" : "BNBUSDC"}
[PRD]: [16:15:42.969] <pq8..0rc> [#3] [h:57] <= <f34..47w> [#g] [h:57] MatchEngine, line 71: matched: price: 4 , quantity: 394 , maker order: {"id" : 37, "owner" : "cvyb9yx2zne35wpk5a64kbep7835fzmrf02hfcv7kpje7c2vh61z6aq9mr:ed25519", "price" : 4, "amount" : 633, "unMatchedAmount" : 394, "triggerPrice" : 0, "status" : "PARTIALLYFIXED", "action" : "SELL", "pair" : "BNBUSDC"}
[PRD]: [16:15:42.998] <pq8..0rc> [#3] [h:57] <= <f34..47w> [#g] [h:57] OrderBook, line 170: order update: {"id" : 37, "owner" : "cvyb9yx2zne35wpk5a64kbep7835fzmrf02hfcv7kpje7c2vh61z6aq9mr:ed25519", "price" : 4, "amount" : 633, "unMatchedAmount" : 0, "triggerPrice" : 4, "status" : "FIXED", "action" : "SELL", "pair" : "BNBUSDC"}
[PRD]: [16:15:43.027] <pq8..0rc> [#3] [h:57] <= <f34..47w> [#g] [h:57] OrderBook, line 161: order remove: {"id" : 37, "owner" : "cvyb9yx2zne35wpk5a64kbep7835fzmrf02hfcv7kpje7c2vh61z6aq9mr:ed25519", "price" : 4, "amount" : 633, "unMatchedAmount" : 0, "triggerPrice" : 4, "status" : "FIXED", "action" : "SELL", "pair" : "BNBUSDC"}
[PRD]: [16:15:43.073] <pq8..0rc> [#3] [h:57] <= <f34..47w> [#g] [h:57] MatchEngine, line 71: matched: price: 4 , quantity: 9 , maker order: {"id" : 46, "owner" : "p4wdjn3b54m280j3xw2g125aa9ks4b5yh87sg6jpqyne892k3mks6xj250:ed25519", "price" : 4, "amount" : 933, "unMatchedAmount" : 933, "triggerPrice" : 0, "status" : "OPEN", "action" : "SELL", "pair" : "BNBUSDC"}
[PRD]: [16:15:43.102] <pq8..0rc> [#3] [h:57] <= <f34..47w> [#g] [h:57] OrderBook, line 170: order update: {"id" : 46, "owner" : "p4wdjn3b54m280j3xw2g125aa9ks4b5yh87sg6jpqyne892k3mks6xj250:ed25519", "price" : 4, "amount" : 933, "unMatchedAmount" : 924, "triggerPrice" : 4, "status" : "PARTIALLYFIXED", "action" : "SELL", "pair" : "BNBUSDC"}
[PRD]: [16:15:43.131] <pq8..0rc> [#3] [h:57] <= <f34..47w> [#g] [h:57] OrderBook, line 170: order update: {"id" : 51, "owner" : "f34cw8mxk5g6p7s62tzy33f8174eds1zezttyp4jfr8042xxpmsc70k47w:ed25519", "price" : 8, "amount" : 403, "unMatchedAmount" : 0, "triggerPrice" : 4, "status" : "FIXED", "action" : "BUY", "pair" : "BNBUSDC"}
[PRD]: [16:15:43.159] <pq8..0rc> [#3] [h:57] <= <f34..47w> [#g] [h:57] OrderBook, line 161: order remove: {"id" : 51, "owner" : "f34cw8mxk5g6p7s62tzy33f8174eds1zezttyp4jfr8042xxpmsc70k47w:ed25519", "price" : 8, "amount" : 403, "unMatchedAmount" : 0, "triggerPrice" : 4, "status" : "FIXED", "action" : "BUY", "pair" : "BNBUSDC"}
[PRD]: [16:15:43.191] <pq8..0rc> [#3] [h:59] <= <zww..drw> [#g] [h:59] OrderBook, line 138: order add: {"id" : 52, "owner" : "zwwgc3r73gtvw7nw8zk1418qp55vafxgtgn5wr0bhjrkgcyhba726fddrw:ed25519", "price" : 8, "amount" : 712, "unMatchedAmount" : 712, "triggerPrice" : 0, "status" : "OPEN", "action" : "BUY", "pair" : "BNBUSDC"}
[PRD]: [16:15:43.219] <pq8..0rc> [#3] [h:59] <= <zww..drw> [#g] [h:59] MatchEngine, line 71: matched: price: 4 , quantity: 712 , maker order: {"id" : 46, "owner" : "p4wdjn3b54m280j3xw2g125aa9ks4b5yh87sg6jpqyne892k3mks6xj250:ed25519", "price" : 4, "amount" : 933, "unMatchedAmount" : 924, "triggerPrice" : 4, "status" : "PARTIALLYFIXED", "action" : "SELL", "pair" : "BNBUSDC"}
[PRD]: [16:15:43.248] <pq8..0rc> [#3] [h:59] <= <zww..drw> [#g] [h:59] OrderBook, line 170: order update: {"id" : 46, "owner" : "p4wdjn3b54m280j3xw2g125aa9ks4b5yh87sg6jpqyne892k3mks6xj250:ed25519", "price" : 4, "amount" : 933, "unMatchedAmount" : 212, "triggerPrice" : 4, "status" : "PARTIALLYFIXED", "action" : "SELL", "pair" : "BNBUSDC"}
[PRD]: [16:15:43.274] <pq8..0rc> [#3] [h:59] <= <zww..drw> [#g] [h:59] OrderBook, line 170: order update: {"id" : 52, "owner" : "zwwgc3r73gtvw7nw8zk1418qp55vafxgtgn5wr0bhjrkgcyhba726fddrw:ed25519", "price" : 8, "amount" : 712, "unMatchedAmount" : 0, "triggerPrice" : 4, "status" : "FIXED", "action" : "BUY", "pair" : "BNBUSDC"}
[PRD]: [16:15:43.306] <pq8..0rc> [#3] [h:59] <= <zww..drw> [#g] [h:59] OrderBook, line 161: order remove: {"id" : 52, "owner" : "zwwgc3r73gtvw7nw8zk1418qp55vafxgtgn5wr0bhjrkgcyhba726fddrw:ed25519", "price" : 8, "amount" : 712, "unMatchedAmount" : 0, "triggerPrice" : 4, "status" : "FIXED", "action" : "BUY", "pair" : "BNBUSDC"}
[PRD]: [16:15:43.337] <pq8..0rc> [#3] [h:61] <= <ysd..zpm> [#g] [h:61] OrderBook, line 138: order add: {"id" : 53, "owner" : "ysdad001yya22jwfkfxmf3crse5veysv7p26vtks6egej8jgxs1871fzpm:ed25519", "price" : 4, "amount" : 755, "unMatchedAmount" : 755, "triggerPrice" : 0, "status" : "OPEN", "action" : "BUY", "pair" : "BNBUSDC"}
[PRD]: [16:15:43.361] <pq8..0rc> [#3] [h:61] <= <ysd..zpm> [#g] [h:61] MatchEngine, line 71: matched: price: 4 , quantity: 212 , maker order: {"id" : 46, "owner" : "p4wdjn3b54m280j3xw2g125aa9ks4b5yh87sg6jpqyne892k3mks6xj250:ed25519", "price" : 4, "amount" : 933, "unMatchedAmount" : 212, "triggerPrice" : 4, "status" : "PARTIALLYFIXED", "action" : "SELL", "pair" : "BNBUSDC"}
[PRD]: [16:15:43.394] <pq8..0rc> [#3] [h:61] <= <ysd..zpm> [#g] [h:61] OrderBook, line 170: order update: {"id" : 46, "owner" : "p4wdjn3b54m280j3xw2g125aa9ks4b5yh87sg6jpqyne892k3mks6xj250:ed25519", "price" : 4, "amount" : 933, "unMatchedAmount" : 0, "triggerPrice" : 4, "status" : "FIXED", "action" : "SELL", "pair" : "BNBUSDC"}
[PRD]: [16:15:43.422] <pq8..0rc> [#3] [h:61] <= <ysd..zpm> [#g] [h:61] OrderBook, line 161: order remove: {"id" : 46, "owner" : "p4wdjn3b54m280j3xw2g125aa9ks4b5yh87sg6jpqyne892k3mks6xj250:ed25519", "price" : 4, "amount" : 933, "unMatchedAmount" : 0, "triggerPrice" : 4, "status" : "FIXED", "action" : "SELL", "pair" : "BNBUSDC"}
[PRD]: [16:15:43.452] <pq8..0rc> [#3] [h:61] <= <ysd..zpm> [#g] [h:61] OrderBook, line 170: order update: {"id" : 53, "owner" : "ysdad001yya22jwfkfxmf3crse5veysv7p26vtks6egej8jgxs1871fzpm:ed25519", "price" : 4, "amount" : 755, "unMatchedAmount" : 543, "triggerPrice" : 0, "status" : "PARTIALLYFIXED", "action" : "BUY", "pair" : "BNBUSDC"}
[PRD]: [16:15:43.478] <pq8..0rc> [#3] [h:63] <= <g8m..mdm> [#g] [h:63] OrderBook, line 138: order add: {"id" : 54, "owner" : "g8mqvx36rdevehqzf8a8m7ve18yxv4mvq7ch5zckvg9dzf2vrr05767mdm:ed25519", "price" : 3, "amount" : 795, "unMatchedAmount" : 795, "triggerPrice" : 0, "status" : "OPEN", "action" : "SELL", "pair" : "BNBUSDC"}
[PRD]: [16:15:43.511] <pq8..0rc> [#3] [h:63] <= <g8m..mdm> [#g] [h:63] MatchEngine, line 71: matched: price: 4 , quantity: 543 , maker order: {"id" : 53, "owner" : "ysdad001yya22jwfkfxmf3crse5veysv7p26vtks6egej8jgxs1871fzpm:ed25519", "price" : 4, "amount" : 755, "unMatchedAmount" : 543, "triggerPrice" : 0, "status" : "PARTIALLYFIXED", "action" : "BUY", "pair" : "BNBUSDC"}
[PRD]: [16:15:43.540] <pq8..0rc> [#3] [h:63] <= <g8m..mdm> [#g] [h:63] OrderBook, line 170: order update: {"id" : 53, "owner" : "ysdad001yya22jwfkfxmf3crse5veysv7p26vtks6egej8jgxs1871fzpm:ed25519", "price" : 4, "amount" : 755, "unMatchedAmount" : 0, "triggerPrice" : 4, "status" : "FIXED", "action" : "BUY", "pair" : "BNBUSDC"}
[PRD]: [16:15:43.569] <pq8..0rc> [#3] [h:63] <= <g8m..mdm> [#g] [h:63] OrderBook, line 161: order remove: {"id" : 53, "owner" : "ysdad001yya22jwfkfxmf3crse5veysv7p26vtks6egej8jgxs1871fzpm:ed25519", "price" : 4, "amount" : 755, "unMatchedAmount" : 0, "triggerPrice" : 4, "status" : "FIXED", "action" : "BUY", "pair" : "BNBUSDC"}
[PRD]: [16:15:43.590] <pq8..0rc> [#3] [h:63] <= <g8m..mdm> [#g] [h:63] MatchEngine, line 71: matched: price: 3 , quantity: 252 , maker order: {"id" : 21, "owner" : "4jkyqsmb9xg4rp0ba5tnkcc5qkpw8dzjrp4fw756t7gcew0dms7565jaj8:ed25519", "price" : 3, "amount" : 803, "unMatchedAmount" : 803, "triggerPrice" : 0, "status" : "OPEN", "action" : "BUY", "pair" : "BNBUSDC"}
[PRD]: [16:15:43.623] <pq8..0rc> [#3] [h:63] <= <g8m..mdm> [#g] [h:63] OrderBook, line 170: order update: {"id" : 21, "owner" : "4jkyqsmb9xg4rp0ba5tnkcc5qkpw8dzjrp4fw756t7gcew0dms7565jaj8:ed25519", "price" : 3, "amount" : 803, "unMatchedAmount" : 551, "triggerPrice" : 3, "status" : "PARTIALLYFIXED", "action" : "BUY", "pair" : "BNBUSDC"}
[PRD]: [16:15:43.656] <pq8..0rc> [#3] [h:63] <= <g8m..mdm> [#g] [h:63] OrderBook, line 170: order update: {"id" : 54, "owner" : "g8mqvx36rdevehqzf8a8m7ve18yxv4mvq7ch5zckvg9dzf2vrr05767mdm:ed25519", "price" : 3, "amount" : 795, "unMatchedAmount" : 0, "triggerPrice" : 3, "status" : "FIXED", "action" : "SELL", "pair" : "BNBUSDC"}
[PRD]: [16:15:43.686] <pq8..0rc> [#3] [h:63] <= <g8m..mdm> [#g] [h:63] OrderBook, line 161: order remove: {"id" : 54, "owner" : "g8mqvx36rdevehqzf8a8m7ve18yxv4mvq7ch5zckvg9dzf2vrr05767mdm:ed25519", "price" : 3, "amount" : 795, "unMatchedAmount" : 0, "triggerPrice" : 3, "status" : "FIXED", "action" : "SELL", "pair" : "BNBUSDC"}
[PRD]: [16:15:43.707] <pq8..0rc> [#3] [h:65] <= <zww..drw> [#g] [h:65] OrderBook, line 138: order add: {"id" : 55, "owner" : "zwwgc3r73gtvw7nw8zk1418qp55vafxgtgn5wr0bhjrkgcyhba726fddrw:ed25519", "price" : 4, "amount" : 523, "unMatchedAmount" : 523, "triggerPrice" : 0, "status" : "OPEN", "action" : "SELL", "pair" : "BNBUSDC"}
