Physical CPU core: 8, Logic CPU core: 16
Execution Engine Initialized, <PREDA Native Build> v0.0.1, PREDA DevTeam
Repository: \Users\milay\AppData\Roaming\.preda\chsimu_repo/native, Module: ./preda_engine (PREDA_NATIVE)

Execution Engine Initialized, <PREDA WASM Build (CWASM)> v0.0.1, PREDA DevTeam
Repository: \Users\milay\AppData\Roaming\.preda\chsimu_repo/wasm, Module: ./preda_engine (PREDA_WASM)

Failed to initialized PREDA engine, db path: \Users\milay\AppData\Roaming\.preda\chsimu_repo/evm
Failed to mount execution engine: ./preda_engine (SOLIDITY_EVM) with repository in \Users\milay\AppData\Roaming\.preda\chsimu_repo/evm

[PRD]: Chain initialized with 4 shard(s), in sync-sharding mode
20 addresses added and evenly distributed in shards
Source code for contract `IFungibleToken` is loaded from d:\ahmetson\preda-open-zeppelin\submissions\realtime-game\code\IFungibleToken.prd
Compiling 1 contract(s), target=PREDA_NATIVE
[PRD]: Linking 1 contract(s), target=PREDA_NATIVE
Source code for contract `FungibleToken` is loaded from d:\ahmetson\preda-open-zeppelin\submissions\realtime-game\code\FungibleToken.prd
Compiling 1 contract(s), target=PREDA_NATIVE
[PRD]: Linking 1 contract(s), target=PREDA_NATIVE
[PRD]: #g: FungibleToken, line 48: new fungible token, symbol: VOID, contract id: 81606475777, contract address: "0x0000001300200001:contract", owner: "y0vhd9053cgyqveybf3qpzx2eanbbwfp4dja676n1vxvm4fwgy8r7gnxcw:ed25519"
Source code for contract `MobaToken` is loaded from d:\ahmetson\preda-open-zeppelin\submissions\realtime-game\code\MobaToken.prd
Compiling 1 contract(s), target=PREDA_NATIVE
[PRD]: Linking 1 contract(s), target=PREDA_NATIVE
[PRD]: #g: FungibleToken, line 48: new fungible token, symbol: MOBA, contract id: 81608572929, contract address: "0x0000001300400001:contract", owner: "0x0000001300300001:contract"
Source code for contract `Item` is loaded from d:\ahmetson\preda-open-zeppelin\submissions\realtime-game\code\item.prd
Compiling 1 contract(s), target=PREDA_NATIVE
[PRD]: Linking 1 contract(s), target=PREDA_NATIVE
Source code for contract `Hero` is loaded from d:\ahmetson\preda-open-zeppelin\submissions\realtime-game\code\hero.prd
Compiling 1 contract(s), target=PREDA_NATIVE
[PRD]: Linking 1 contract(s), target=PREDA_NATIVE
Source code for contract `Moba` is loaded from d:\ahmetson\preda-open-zeppelin\submissions\realtime-game\code\moba.prd
Compiling 1 contract(s), target=PREDA_NATIVE
[PRD]: Linking 1 contract(s), target=PREDA_NATIVE
Shd#g:	h:23 txn:0/0/6 addr:0
Shd#0:	h:23 txn:0/0/42 addr:26
Shd#1:	h:23 txn:0/0/41 addr:26
Shd#2:	h:23 txn:0/0/42 addr:26
Shd#3:	h:23 txn:0/0/43 addr:26
Total Txn:0/174
Stopwatch restarted
Stopwatch: 1 msec
Order: 2, TPS:0, uTPS:0
Shd#g:	h:24 txn:0/0/6 addr:0
Shd#0:	h:24 txn:0/0/42 addr:26
Shd#1:	h:24 txn:0/0/41 addr:26
Shd#2:	h:24 txn:0/0/42 addr:26
Shd#3:	h:24 txn:0/0/43 addr:26
Total Txn:0/174
[PRD]: #3[y0vhd9053cgyqveybf3qpzx2eanbbwfp4dja676n1vxvm4fwgy8r7gnxcw:ed25519]-h24: Hero, line 216: Minted nft 0 as name 'hero', by "y0vhd9053cgyqveybf3qpzx2eanbbwfp4dja676n1vxvm4fwgy8r7gnxcw:ed25519"
[PRD]: #2[kp8qdhzrfc0ejznn3baprkbqxycyp4h02e5s72n5x1cnhgqqhznn65qyj8:ed25519]-h24: Hero, line 216: Minted nft 0 as name 'hero', by "kp8qdhzrfc0ejznn3baprkbqxycyp4h02e5s72n5x1cnhgqqhznn65qyj8:ed25519"
[PRD]: #0[kh5jg0kefeqy495va8y2cxev7n3364j91n5eha95r3sc9shxn2y26pvwcg:ed25519]-h24: Hero, line 216: Minted nft 0 as name 'hero', by "kh5jg0kefeqy495va8y2cxev7n3364j91n5eha95r3sc9shxn2y26pvwcg:ed25519"
[PRD]: #1[8jj4tmf0y797j783xpsqyaeek25v45aetqcf1r4s67nqcqmhzrcg6cpaar:ed25519]-h24: Hero, line 216: Minted nft 0 as name 'hero', by "8jj4tmf0y797j783xpsqyaeek25v45aetqcf1r4s67nqcqmhzrcg6cpaar:ed25519"
[PRD]: #3[vffgwr07yq323axszgxbr2qp9azzbyjjm844s90z8ack63s6hrch683z48:ed25519]-h24: Hero, line 216: Minted nft 0 as name 'hero', by "vffgwr07yq323axszgxbr2qp9azzbyjjm844s90z8ack63s6hrch683z48:ed25519"
[PRD]: #2[m84jfdm2b6v9phc75f8jaf05j6vgxcwpppsw2actn8dyaywxw7ym6y0tsg:ed25519]-h24: Hero, line 216: Minted nft 0 as name 'hero', by "m84jfdm2b6v9phc75f8jaf05j6vgxcwpppsw2actn8dyaywxw7ym6y0tsg:ed25519"
[PRD]: #0[q5d000se1gymgjvv2g7cg35bcdex03q7ja7c8wptp8fe2j57fbvk6rc3n8:ed25519]-h24: Hero, line 216: Minted nft 0 as name 'hero', by "q5d000se1gymgjvv2g7cg35bcdex03q7ja7c8wptp8fe2j57fbvk6rc3n8:ed25519"
[PRD]: #1[j4gxmpy89ka3xe5qfvq9dkjtzhawakaj9mgje923njjf059gm4ce6z61y4:ed25519]-h24: Hero, line 216: Minted nft 0 as name 'hero', by "j4gxmpy89ka3xe5qfvq9dkjtzhawakaj9mgje923njjf059gm4ce6z61y4:ed25519"
[PRD]: #3[w2m3k17g4g5ytrjsk23cbh247we79dyxsck4fetmr7bx9svce1x865v0fw:ed25519]-h24: Hero, line 216: Minted nft 0 as name 'hero', by "w2m3k17g4g5ytrjsk23cbh247we79dyxsck4fetmr7bx9svce1x865v0fw:ed25519"
[PRD]: #2[p7t9pqjgvxnd2d7cq0jsahdkj5rbvfkc3kk12he7rkegwrs7c86a69601r:ed25519]-h24: Hero, line 216: Minted nft 0 as name 'hero', by "p7t9pqjgvxnd2d7cq0jsahdkj5rbvfkc3kk12he7rkegwrs7c86a69601r:ed25519"
[PRD]: #0[9y3rxwpt3w51yjnny7nxztt01sxe2nwdx09f543ejr2qv48v36z3669q50:ed25519]-h24: Hero, line 216: Minted nft 0 as name 'hero', by "9y3rxwpt3w51yjnny7nxztt01sxe2nwdx09f543ejr2qv48v36z3669q50:ed25519"
[PRD]: #1[7tfyh41gvvq4df5tc70cdzzka8mma4sd20cpd0fz8xbc34j0m45g761rr4:ed25519]-h24: Hero, line 216: Minted nft 0 as name 'hero', by "7tfyh41gvvq4df5tc70cdzzka8mma4sd20cpd0fz8xbc34j0m45g761rr4:ed25519"
[PRD]: #1[r8vr55bcm5nh0409qg6ncrfjtnez3q94sftra0dtjdpeh8j9dkc87b325w:ed25519]-h25: Hero, line 216: Minted nft 0 as name 'hero', by "r8vr55bcm5nh0409qg6ncrfjtnez3q94sftra0dtjdpeh8j9dkc87b325w:ed25519"
[PRD]: #0[ghcbhkkqrbcq4zv7y1nhjhyzkgyjm2r1jzt33zy9rj035zdqg2c56h733m:ed25519]-h25: Hero, line 216: Minted nft 0 as name 'hero', by "ghcbhkkqrbcq4zv7y1nhjhyzkgyjm2r1jzt33zy9rj035zdqg2c56h733m:ed25519"
[PRD]: #3[kgjmkahren47nn7v9ej73jqva9x6xp5wq8cs3b3r0jdvf49w1sd672tcqg:ed25519]-h25: Hero, line 216: Minted nft 0 as name 'hero', by "kgjmkahren47nn7v9ej73jqva9x6xp5wq8cs3b3r0jdvf49w1sd672tcqg:ed25519"
[PRD]: #2[6j1qzvsvfcs9aye8zbyahqepey7pp79tj7sv1qytw1ad6193sscb7zvvm4:ed25519]-h25: Hero, line 216: Minted nft 0 as name 'hero', by "6j1qzvsvfcs9aye8zbyahqepey7pp79tj7sv1qytw1ad6193sscb7zvvm4:ed25519"
[PRD]: #0[939gftz0yhn121r086p74brszahfzc6bmwxsm5k6jksk8gjms4pm6pxk3g:ed25519]-h26: Hero, line 216: Minted nft 0 as name 'hero', by "939gftz0yhn121r086p74brszahfzc6bmwxsm5k6jksk8gjms4pm6pxk3g:ed25519"
[PRD]: #1[vbk5k7a5xc38vxx2873wxdv684hf3chn3fcpx3xafk2jfgdchnmd64jbdg:ed25519]-h26: Hero, line 216: Minted nft 0 as name 'hero', by "vbk5k7a5xc38vxx2873wxdv684hf3chn3fcpx3xafk2jfgdchnmd64jbdg:ed25519"
[PRD]: #3[5533fq4d8feyendxmrq1tyse8889q272t3v0vfmp5d7hsaq6pkyn7zyf1m:ed25519]-h26: Hero, line 216: Minted nft 0 as name 'hero', by "5533fq4d8feyendxmrq1tyse8889q272t3v0vfmp5d7hsaq6pkyn7zyf1m:ed25519"
[PRD]: #2[jsjf8hexm3vz7c6ec7jjxrxrb0jcqwg1mp8tdkjvv4hacw7pqnpa6t34hw:ed25519]-h27: Hero, line 216: Minted nft 0 as name 'hero', by "jsjf8hexm3vz7c6ec7jjxrxrb0jcqwg1mp8tdkjvv4hacw7pqnpa6t34hw:ed25519"
[PRD]: [y0vhd9053cgyqveybf3qpzx2eanbbwfp4dja676n1vxvm4fwgy8r7gnxcw:ed25519] #3-h29 => #g: Moba, line 37: the sender "y0vhd9053cgyqveybf3qpzx2eanbbwfp4dja676n1vxvm4fwgy8r7gnxcw:ed25519"
[PRD]: [y0vhd9053cgyqveybf3qpzx2eanbbwfp4dja676n1vxvm4fwgy8r7gnxcw:ed25519] #3-h29 => #g: Moba, line 42: the session initiated0
[PRD]: [y0vhd9053cgyqveybf3qpzx2eanbbwfp4dja676n1vxvm4fwgy8r7gnxcw:ed25519] #3-h29 => #g: Moba, line 37: the sender "y0vhd9053cgyqveybf3qpzx2eanbbwfp4dja676n1vxvm4fwgy8r7gnxcw:ed25519"
[PRD]: [y0vhd9053cgyqveybf3qpzx2eanbbwfp4dja676n1vxvm4fwgy8r7gnxcw:ed25519] #3-h29 => #g: Moba, line 42: the session initiated1
[PRD]: [y0vhd9053cgyqveybf3qpzx2eanbbwfp4dja676n1vxvm4fwgy8r7gnxcw:ed25519] #g-h30 => #1: Moba, line 46: session sedentaries[] and ["y0vhd9053cgyqveybf3qpzx2eanbbwfp4dja676n1vxvm4fwgy8r7gnxcw:ed25519", "vffgwr07yq323axszgxbr2qp9azzbyjjm844s90z8ack63s6hrch683z48:ed25519", "8jj4tmf0y797j783xpsqyaeek25v45aetqcf1r4s67nqcqmhzrcg6cpaar:ed25519", "kp8qdhzrfc0ejznn3baprkbqxycyp4h02e5s72n5x1cnhgqqhznn65qyj8:ed25519", "kh5jg0kefeqy495va8y2cxev7n3364j91n5eha95r3sc9shxn2y26pvwcg:ed25519"]
[PRD]: [y0vhd9053cgyqveybf3qpzx2eanbbwfp4dja676n1vxvm4fwgy8r7gnxcw:ed25519] #g-h30 => #2: Moba, line 46: session sedentaries[] and ["6j1qzvsvfcs9aye8zbyahqepey7pp79tj7sv1qytw1ad6193sscb7zvvm4:ed25519", "7tfyh41gvvq4df5tc70cdzzka8mma4sd20cpd0fz8xbc34j0m45g761rr4:ed25519", "kgjmkahren47nn7v9ej73jqva9x6xp5wq8cs3b3r0jdvf49w1sd672tcqg:ed25519", "r8vr55bcm5nh0409qg6ncrfjtnez3q94sftra0dtjdpeh8j9dkc87b325w:ed25519", "5533fq4d8feyendxmrq1tyse8889q272t3v0vfmp5d7hsaq6pkyn7zyf1m:ed25519"]
[PRD]: [y0vhd9053cgyqveybf3qpzx2eanbbwfp4dja676n1vxvm4fwgy8r7gnxcw:ed25519] #g-h30 => #1: Moba, line 52: Session begin: 2
[PRD]: [y0vhd9053cgyqveybf3qpzx2eanbbwfp4dja676n1vxvm4fwgy8r7gnxcw:ed25519] #g-h30 => #2: Moba, line 52: Session begin: 2
[HIGHLIGHT] --------------------------------
[HIGHLIGHT] Live sessions
[HIGHLIGHT] --------------------------------
[HIGHLIGHT] Live session 1:
[HIGHLIGHT] Live session 2:
[PRD]: [y0vhd9053cgyqveybf3qpzx2eanbbwfp4dja676n1vxvm4fwgy8r7gnxcw:ed25519] #3-h31 => #1: Moba, line 211: Session info {"sedentaries" : ["y0vhd9053cgyqveybf3qpzx2eanbbwfp4dja676n1vxvm4fwgy8r7gnxcw:ed25519", "vffgwr07yq323axszgxbr2qp9azzbyjjm844s90z8ack63s6hrch683z48:ed25519", "8jj4tmf0y797j783xpsqyaeek25v45aetqcf1r4s67nqcqmhzrcg6cpaar:ed25519", "kp8qdhzrfc0ejznn3baprkbqxycyp4h02e5s72n5x1cnhgqqhznn65qyj8:ed25519", "kh5jg0kefeqy495va8y2cxev7n3364j91n5eha95r3sc9shxn2y26pvwcg:ed25519"], "nomads" : ["w2m3k17g4g5ytrjsk23cbh247we79dyxsck4fetmr7bx9svce1x865v0fw:ed25519", "q5d000se1gymgjvv2g7cg35bcdex03q7ja7c8wptp8fe2j57fbvk6rc3n8:ed25519", "m84jfdm2b6v9phc75f8jaf05j6vgxcwpppsw2actn8dyaywxw7ym6y0tsg:ed25519", "p7t9pqjgvxnd2d7cq0jsahdkj5rbvfkc3kk12he7rkegwrs7c86a69601r:ed25519", "j4gxmpy89ka3xe5qfvq9dkjtzhawakaj9mgje923njjf059gm4ce6z61y4:ed25519"], "start" : 1705668439378, "end" : 0, "sedentaryHeroes" : [], "nomadHeroes" : [], "sedentaryItems" : [], "nomadItems" : [], "sedentaryWon" : false}
[PRD]: [y0vhd9053cgyqveybf3qpzx2eanbbwfp4dja676n1vxvm4fwgy8r7gnxcw:ed25519] #3-h31 => #2: Moba, line 211: Session info {"sedentaries" : ["6j1qzvsvfcs9aye8zbyahqepey7pp79tj7sv1qytw1ad6193sscb7zvvm4:ed25519", "7tfyh41gvvq4df5tc70cdzzka8mma4sd20cpd0fz8xbc34j0m45g761rr4:ed25519", "kgjmkahren47nn7v9ej73jqva9x6xp5wq8cs3b3r0jdvf49w1sd672tcqg:ed25519", "r8vr55bcm5nh0409qg6ncrfjtnez3q94sftra0dtjdpeh8j9dkc87b325w:ed25519", "5533fq4d8feyendxmrq1tyse8889q272t3v0vfmp5d7hsaq6pkyn7zyf1m:ed25519"], "nomads" : ["vbk5k7a5xc38vxx2873wxdv684hf3chn3fcpx3xafk2jfgdchnmd64jbdg:ed25519", "jsjf8hexm3vz7c6ec7jjxrxrb0jcqwg1mp8tdkjvv4hacw7pqnpa6t34hw:ed25519", "9y3rxwpt3w51yjnny7nxztt01sxe2nwdx09f543ejr2qv48v36z3669q50:ed25519", "ghcbhkkqrbcq4zv7y1nhjhyzkgyjm2r1jzt33zy9rj035zdqg2c56h733m:ed25519", "939gftz0yhn121r086p74brszahfzc6bmwxsm5k6jksk8gjms4pm6pxk3g:ed25519"], "start" : 1705668439378, "end" : 0, "sedentaryHeroes" : [], "nomadHeroes" : [], "sedentaryItems" : [], "nomadItems" : [], "sedentaryWon" : false}
[HIGHLIGHT] --------------------------------
[HIGHLIGHT] Showcasing the usage of Preda's parallel execution model
[HIGHLIGHT] Import items to a two different sessions at the same time...
[HIGHLIGHT] --------------------------------
[PRD]: [939gftz0yhn121r086p74brszahfzc6bmwxsm5k6jksk8gjms4pm6pxk3g:ed25519] #2-h34 => #0: Item, line 392: NFT 104 was transferred from "0x0000001300700001:contract" to "0x0000001300700001:contract"
[PRD]: [w2m3k17g4g5ytrjsk23cbh247we79dyxsck4fetmr7bx9svce1x865v0fw:ed25519] #1-h34 => #2: Item, line 392: NFT 102 was transferred from "0x0000001300700001:contract" to "0x0000001300700001:contract"
[PRD]: [y0vhd9053cgyqveybf3qpzx2eanbbwfp4dja676n1vxvm4fwgy8r7gnxcw:ed25519] #1-h34 => #1: Item, line 392: NFT 101 was transferred from "0x0000001300700001:contract" to "0x0000001300700001:contract"
[PRD]: [y0vhd9053cgyqveybf3qpzx2eanbbwfp4dja676n1vxvm4fwgy8r7gnxcw:ed25519] #3-h35 => #3[y0vhd9053cgyqveybf3qpzx2eanbbwfp4dja676n1vxvm4fwgy8r7gnxcw:ed25519]-h36: MobaToken, line 34: deposit: "1"
[PRD]: [6j1qzvsvfcs9aye8zbyahqepey7pp79tj7sv1qytw1ad6193sscb7zvvm4:ed25519] #2-h34 => #3: Item, line 392: NFT 103 was transferred from "0x0000001300700001:contract" to "0x0000001300700001:contract"
[PRD]: [939gftz0yhn121r086p74brszahfzc6bmwxsm5k6jksk8gjms4pm6pxk3g:ed25519] #0-h35 => #3[y0vhd9053cgyqveybf3qpzx2eanbbwfp4dja676n1vxvm4fwgy8r7gnxcw:ed25519]-h36: MobaToken, line 34: deposit: "1"
[PRD]: [w2m3k17g4g5ytrjsk23cbh247we79dyxsck4fetmr7bx9svce1x865v0fw:ed25519] #3-h35 => #3[y0vhd9053cgyqveybf3qpzx2eanbbwfp4dja676n1vxvm4fwgy8r7gnxcw:ed25519]-h37: MobaToken, line 34: deposit: "1"
[PRD]: [6j1qzvsvfcs9aye8zbyahqepey7pp79tj7sv1qytw1ad6193sscb7zvvm4:ed25519] #2-h35 => #3[y0vhd9053cgyqveybf3qpzx2eanbbwfp4dja676n1vxvm4fwgy8r7gnxcw:ed25519]-h37: MobaToken, line 34: deposit: "1"
[PRD]: [y0vhd9053cgyqveybf3qpzx2eanbbwfp4dja676n1vxvm4fwgy8r7gnxcw:ed25519] #1-h39 => #1: Item, line 403: NFT 101 was transferred from "0x0000001300700001:contract" to "y0vhd9053cgyqveybf3qpzx2eanbbwfp4dja676n1vxvm4fwgy8r7gnxcw:ed25519"
[PRD]: [y0vhd9053cgyqveybf3qpzx2eanbbwfp4dja676n1vxvm4fwgy8r7gnxcw:ed25519] #2-h39 => #3: Item, line 403: NFT 103 was transferred from "0x0000001300700001:contract" to "6j1qzvsvfcs9aye8zbyahqepey7pp79tj7sv1qytw1ad6193sscb7zvvm4:ed25519"
[PRD]: [y0vhd9053cgyqveybf3qpzx2eanbbwfp4dja676n1vxvm4fwgy8r7gnxcw:ed25519] #1-h39 => #2: Item, line 403: NFT 102 was transferred from "0x0000001300700001:contract" to "w2m3k17g4g5ytrjsk23cbh247we79dyxsck4fetmr7bx9svce1x865v0fw:ed25519"
[PRD]: [y0vhd9053cgyqveybf3qpzx2eanbbwfp4dja676n1vxvm4fwgy8r7gnxcw:ed25519] #2-h39 => #0: Item, line 403: NFT 104 was transferred from "0x0000001300700001:contract" to "939gftz0yhn121r086p74brszahfzc6bmwxsm5k6jksk8gjms4pm6pxk3g:ed25519"
[HIGHLIGHT] --------------------------------
[HIGHLIGHT] Sessions end
[HIGHLIGHT] --------------------------------
[HIGHLIGHT] Session 1:
[HIGHLIGHT] Session 2:
[PRD]: [y0vhd9053cgyqveybf3qpzx2eanbbwfp4dja676n1vxvm4fwgy8r7gnxcw:ed25519] #3-h41 => #1: Moba, line 211: Session info {"sedentaries" : ["y0vhd9053cgyqveybf3qpzx2eanbbwfp4dja676n1vxvm4fwgy8r7gnxcw:ed25519", "vffgwr07yq323axszgxbr2qp9azzbyjjm844s90z8ack63s6hrch683z48:ed25519", "8jj4tmf0y797j783xpsqyaeek25v45aetqcf1r4s67nqcqmhzrcg6cpaar:ed25519", "kp8qdhzrfc0ejznn3baprkbqxycyp4h02e5s72n5x1cnhgqqhznn65qyj8:ed25519", "kh5jg0kefeqy495va8y2cxev7n3364j91n5eha95r3sc9shxn2y26pvwcg:ed25519"], "nomads" : ["w2m3k17g4g5ytrjsk23cbh247we79dyxsck4fetmr7bx9svce1x865v0fw:ed25519", "q5d000se1gymgjvv2g7cg35bcdex03q7ja7c8wptp8fe2j57fbvk6rc3n8:ed25519", "m84jfdm2b6v9phc75f8jaf05j6vgxcwpppsw2actn8dyaywxw7ym6y0tsg:ed25519", "p7t9pqjgvxnd2d7cq0jsahdkj5rbvfkc3kk12he7rkegwrs7c86a69601r:ed25519", "j4gxmpy89ka3xe5qfvq9dkjtzhawakaj9mgje923njjf059gm4ce6z61y4:ed25519"], "start" : 1705668439378, "end" : 1705668479536, "sedentaryHeroes" : [], "nomadHeroes" : [], "sedentaryItems" : [], "nomadItems" : [], "sedentaryWon" : true}
[PRD]: [y0vhd9053cgyqveybf3qpzx2eanbbwfp4dja676n1vxvm4fwgy8r7gnxcw:ed25519] #3-h41 => #2: Moba, line 211: Session info {"sedentaries" : ["6j1qzvsvfcs9aye8zbyahqepey7pp79tj7sv1qytw1ad6193sscb7zvvm4:ed25519", "7tfyh41gvvq4df5tc70cdzzka8mma4sd20cpd0fz8xbc34j0m45g761rr4:ed25519", "kgjmkahren47nn7v9ej73jqva9x6xp5wq8cs3b3r0jdvf49w1sd672tcqg:ed25519", "r8vr55bcm5nh0409qg6ncrfjtnez3q94sftra0dtjdpeh8j9dkc87b325w:ed25519", "5533fq4d8feyendxmrq1tyse8889q272t3v0vfmp5d7hsaq6pkyn7zyf1m:ed25519"], "nomads" : ["vbk5k7a5xc38vxx2873wxdv684hf3chn3fcpx3xafk2jfgdchnmd64jbdg:ed25519", "jsjf8hexm3vz7c6ec7jjxrxrb0jcqwg1mp8tdkjvv4hacw7pqnpa6t34hw:ed25519", "9y3rxwpt3w51yjnny7nxztt01sxe2nwdx09f543ejr2qv48v36z3669q50:ed25519", "ghcbhkkqrbcq4zv7y1nhjhyzkgyjm2r1jzt33zy9rj035zdqg2c56h733m:ed25519", "939gftz0yhn121r086p74brszahfzc6bmwxsm5k6jksk8gjms4pm6pxk3g:ed25519"], "start" : 1705668439378, "end" : 1705668479536, "sedentaryHeroes" : [], "nomadHeroes" : [], "sedentaryItems" : [], "nomadItems" : [], "sedentaryWon" : false}
Shd#g:	h:43 txn:0/0/8 addr:0
Shd#0:	h:43 txn:0/0/57 addr:32
Shd#1:	h:43 txn:0/0/60 addr:33
Shd#2:	h:43 txn:0/0/63 addr:33
Shd#3:	h:43 txn:0/0/72 addr:32
Total Txn:0/260
